mode: set
github.com/kevin-cantwell/folddb/cmd/folddb/main.go:25.13,26.30 1 0
github.com/kevin-cantwell/folddb/cmd/folddb/main.go:26.30,29.3 2 0
github.com/kevin-cantwell/folddb/cmd/folddb/main.go:45.40,52.33 5 0
github.com/kevin-cantwell/folddb/cmd/folddb/main.go:52.33,53.18 1 0
github.com/kevin-cantwell/folddb/cmd/folddb/main.go:54.21,55.25 1 0
github.com/kevin-cantwell/folddb/cmd/folddb/main.go:56.18,57.23 1 0
github.com/kevin-cantwell/folddb/cmd/folddb/main.go:57.23,60.5 2 0
github.com/kevin-cantwell/folddb/cmd/folddb/main.go:61.22,62.23 1 0
github.com/kevin-cantwell/folddb/cmd/folddb/main.go:62.23,65.5 2 0
github.com/kevin-cantwell/folddb/cmd/folddb/main.go:66.32,67.23 1 0
github.com/kevin-cantwell/folddb/cmd/folddb/main.go:67.23,70.19 3 0
github.com/kevin-cantwell/folddb/cmd/folddb/main.go:70.19,72.6 1 0
github.com/kevin-cantwell/folddb/cmd/folddb/main.go:74.24,75.23 1 0
github.com/kevin-cantwell/folddb/cmd/folddb/main.go:75.23,78.5 2 0
github.com/kevin-cantwell/folddb/cmd/folddb/main.go:79.20,80.23 1 0
github.com/kevin-cantwell/folddb/cmd/folddb/main.go:81.20,82.24 1 0
github.com/kevin-cantwell/folddb/cmd/folddb/main.go:83.20,84.23 1 0
github.com/kevin-cantwell/folddb/cmd/folddb/main.go:84.23,87.19 3 0
github.com/kevin-cantwell/folddb/cmd/folddb/main.go:87.19,89.6 1 0
github.com/kevin-cantwell/folddb/cmd/folddb/main.go:91.18,92.23 1 0
github.com/kevin-cantwell/folddb/cmd/folddb/main.go:92.23,95.60 3 0
github.com/kevin-cantwell/folddb/cmd/folddb/main.go:95.60,97.6 1 0
github.com/kevin-cantwell/folddb/cmd/folddb/main.go:99.11,100.42 1 0
github.com/kevin-cantwell/folddb/cmd/folddb/main.go:103.2,103.25 1 0
github.com/kevin-cantwell/folddb/cmd/folddb/main.go:106.18,110.53 2 0
github.com/kevin-cantwell/folddb/cmd/folddb/main.go:110.53,113.3 2 0
github.com/kevin-cantwell/folddb/cmd/folddb/main.go:114.2,114.52 1 0
github.com/kevin-cantwell/folddb/cmd/folddb/main.go:114.52,116.3 1 0
github.com/kevin-cantwell/folddb/cmd/folddb/main.go:117.2,117.51 1 0
github.com/kevin-cantwell/folddb/cmd/folddb/main.go:117.51,119.3 1 0
github.com/kevin-cantwell/folddb/cmd/folddb/main.go:121.2,122.16 2 0
github.com/kevin-cantwell/folddb/cmd/folddb/main.go:122.16,124.3 1 0
github.com/kevin-cantwell/folddb/cmd/folddb/main.go:127.2,129.16 3 0
github.com/kevin-cantwell/folddb/cmd/folddb/main.go:129.16,131.3 1 0
github.com/kevin-cantwell/folddb/cmd/folddb/main.go:134.2,134.18 1 0
github.com/kevin-cantwell/folddb/cmd/folddb/main.go:134.18,137.3 2 0
github.com/kevin-cantwell/folddb/cmd/folddb/main.go:140.2,140.19 1 0
github.com/kevin-cantwell/folddb/cmd/folddb/main.go:140.19,143.3 2 0
github.com/kevin-cantwell/folddb/cmd/folddb/main.go:146.2,150.23 3 0
github.com/kevin-cantwell/folddb/cmd/folddb/main.go:150.23,154.3 3 0
github.com/kevin-cantwell/folddb/cmd/folddb/main.go:156.2,158.12 3 0
github.com/kevin-cantwell/folddb/cmd/folddb/main.go:158.12,161.3 2 0
github.com/kevin-cantwell/folddb/cmd/folddb/main.go:164.2,166.22 3 0
github.com/kevin-cantwell/folddb/cmd/folddb/main.go:166.22,169.3 2 0
github.com/kevin-cantwell/folddb/cmd/folddb/main.go:170.2,171.16 2 0
github.com/kevin-cantwell/folddb/cmd/folddb/main.go:171.16,173.3 1 0
github.com/kevin-cantwell/folddb/cmd/folddb/main.go:176.2,177.28 2 0
github.com/kevin-cantwell/folddb/cmd/folddb/main.go:177.28,179.17 2 0
github.com/kevin-cantwell/folddb/cmd/folddb/main.go:179.17,181.4 1 0
github.com/kevin-cantwell/folddb/cmd/folddb/main.go:182.3,182.25 1 0
github.com/kevin-cantwell/folddb/cmd/folddb/main.go:186.2,186.21 1 0
github.com/kevin-cantwell/folddb/cmd/folddb/main.go:186.21,188.3 1 0
github.com/kevin-cantwell/folddb/cmd/folddb/main.go:190.2,195.22 4 0
github.com/kevin-cantwell/folddb/cmd/folddb/main.go:195.22,197.3 1 0
github.com/kevin-cantwell/folddb/cmd/folddb/main.go:198.2,198.61 1 0
github.com/kevin-cantwell/folddb/cmd/folddb/main.go:198.61,200.3 1 0
github.com/kevin-cantwell/folddb/cmd/folddb/main.go:203.2,204.16 2 0
github.com/kevin-cantwell/folddb/cmd/folddb/main.go:204.16,206.3 1 0
github.com/kevin-cantwell/folddb/cmd/folddb/main.go:207.2,207.20 1 0
github.com/kevin-cantwell/folddb/cmd/folddb/main.go:207.20,209.3 1 0
github.com/kevin-cantwell/folddb/cmd/folddb/main.go:210.2,210.63 1 0
github.com/kevin-cantwell/folddb/cmd/folddb/main.go:213.39,214.20 1 0
github.com/kevin-cantwell/folddb/cmd/folddb/main.go:214.20,217.3 2 0
github.com/kevin-cantwell/folddb/cmd/folddb/main.go:219.2,219.17 1 0
github.com/kevin-cantwell/folddb/cmd/folddb/main.go:220.14,222.17 2 0
github.com/kevin-cantwell/folddb/cmd/folddb/main.go:222.17,224.4 1 0
github.com/kevin-cantwell/folddb/cmd/folddb/main.go:225.3,225.22 1 0
github.com/kevin-cantwell/folddb/cmd/folddb/main.go:225.22,228.4 2 0
github.com/kevin-cantwell/folddb/cmd/folddb/main.go:229.3,229.30 1 0
github.com/kevin-cantwell/folddb/cmd/folddb/main.go:229.30,231.4 1 0
github.com/kevin-cantwell/folddb/cmd/folddb/main.go:232.3,232.13 1 0
github.com/kevin-cantwell/folddb/cmd/folddb/main.go:234.17,235.20 1 0
github.com/kevin-cantwell/folddb/cmd/folddb/main.go:235.20,237.4 1 0
github.com/kevin-cantwell/folddb/cmd/folddb/main.go:239.3,240.13 2 0
github.com/kevin-cantwell/folddb/cmd/folddb/main.go:242.15,243.20 1 0
github.com/kevin-cantwell/folddb/cmd/folddb/main.go:243.20,245.4 1 0
github.com/kevin-cantwell/folddb/cmd/folddb/main.go:246.3,246.41 1 0
github.com/kevin-cantwell/folddb/cmd/folddb/main.go:248.10,249.61 1 0
github.com/kevin-cantwell/folddb/cmd/folddb/main.go:253.160,255.16 2 0
github.com/kevin-cantwell/folddb/cmd/folddb/main.go:255.16,257.3 1 0
github.com/kevin-cantwell/folddb/cmd/folddb/main.go:259.2,264.12 4 0
github.com/kevin-cantwell/folddb/cmd/folddb/main.go:264.12,266.27 2 0
github.com/kevin-cantwell/folddb/cmd/folddb/main.go:266.27,267.23 1 0
github.com/kevin-cantwell/folddb/cmd/folddb/main.go:267.23,268.13 1 0
github.com/kevin-cantwell/folddb/cmd/folddb/main.go:270.4,271.18 2 0
github.com/kevin-cantwell/folddb/cmd/folddb/main.go:271.18,273.13 2 0
github.com/kevin-cantwell/folddb/cmd/folddb/main.go:275.4,276.29 2 0
github.com/kevin-cantwell/folddb/cmd/folddb/main.go:276.29,277.12 1 0
github.com/kevin-cantwell/folddb/cmd/folddb/main.go:278.26,278.26 0 0
github.com/kevin-cantwell/folddb/cmd/folddb/main.go:279.23,280.12 1 0
github.com/kevin-cantwell/folddb/cmd/folddb/main.go:286.2,286.16 1 0
github.com/kevin-cantwell/folddb/cmd/folddb/main.go:286.16,288.3 1 0
github.com/kevin-cantwell/folddb/cmd/folddb/main.go:289.2,289.20 1 0
github.com/kevin-cantwell/folddb/cmd/folddb/main.go:289.20,291.3 1 0
github.com/kevin-cantwell/folddb/cmd/folddb/main.go:292.2,292.59 1 0
github.com/kevin-cantwell/folddb/cmd/folddb/main.go:295.140,298.12 3 0
github.com/kevin-cantwell/folddb/cmd/folddb/main.go:298.12,301.26 3 0
github.com/kevin-cantwell/folddb/cmd/folddb/main.go:301.26,303.18 2 0
github.com/kevin-cantwell/folddb/cmd/folddb/main.go:303.18,306.13 3 0
github.com/kevin-cantwell/folddb/cmd/folddb/main.go:308.4,308.29 1 0
github.com/kevin-cantwell/folddb/cmd/folddb/main.go:308.29,309.12 1 0
github.com/kevin-cantwell/folddb/cmd/folddb/main.go:310.26,310.26 0 0
github.com/kevin-cantwell/folddb/cmd/folddb/main.go:311.23,312.12 1 0
github.com/kevin-cantwell/folddb/cmd/folddb/main.go:315.4,315.12 1 0
github.com/kevin-cantwell/folddb/cmd/folddb/main.go:318.2,318.59 1 0
github.com/kevin-cantwell/folddb/cmd/folddb/main.go:321.121,323.29 1 0
github.com/kevin-cantwell/folddb/cmd/folddb/main.go:323.29,325.3 1 0
github.com/kevin-cantwell/folddb/cmd/folddb/main.go:327.2,335.12 4 0
github.com/kevin-cantwell/folddb/cmd/folddb/main.go:335.12,337.3 1 0
github.com/kevin-cantwell/folddb/cmd/folddb/main.go:339.2,341.6 3 0
github.com/kevin-cantwell/folddb/cmd/folddb/main.go:341.6,342.10 1 0
github.com/kevin-cantwell/folddb/cmd/folddb/main.go:343.30,344.11 1 0
github.com/kevin-cantwell/folddb/cmd/folddb/main.go:344.11,346.5 1 0
github.com/kevin-cantwell/folddb/cmd/folddb/main.go:347.4,347.41 1 0
github.com/kevin-cantwell/folddb/cmd/folddb/main.go:347.41,349.5 1 0
github.com/kevin-cantwell/folddb/cmd/folddb/main.go:350.4,351.39 2 0
github.com/kevin-cantwell/folddb/cmd/folddb/main.go:351.39,353.5 1 0
github.com/kevin-cantwell/folddb/cmd/folddb/main.go:354.21,355.22 1 0
github.com/kevin-cantwell/folddb/cmd/folddb/main.go:360.137,364.12 3 0
github.com/kevin-cantwell/folddb/cmd/folddb/main.go:364.12,367.26 3 0
github.com/kevin-cantwell/folddb/cmd/folddb/main.go:367.26,369.18 2 0
github.com/kevin-cantwell/folddb/cmd/folddb/main.go:369.18,372.13 3 0
github.com/kevin-cantwell/folddb/cmd/folddb/main.go:374.4,374.29 1 0
github.com/kevin-cantwell/folddb/cmd/folddb/main.go:374.29,375.26 1 0
github.com/kevin-cantwell/folddb/cmd/folddb/main.go:375.26,377.29 2 0
github.com/kevin-cantwell/folddb/cmd/folddb/main.go:377.29,378.15 1 0
github.com/kevin-cantwell/folddb/cmd/folddb/main.go:381.5,381.12 1 0
github.com/kevin-cantwell/folddb/cmd/folddb/main.go:382.28,382.28 0 0
github.com/kevin-cantwell/folddb/cmd/folddb/main.go:383.23,384.12 1 0
github.com/kevin-cantwell/folddb/cmd/folddb/main.go:387.4,387.12 1 0
github.com/kevin-cantwell/folddb/cmd/folddb/main.go:391.2,391.59 1 0
github.com/kevin-cantwell/folddb/cmd/folddb/main.go:394.118,396.12 2 0
github.com/kevin-cantwell/folddb/cmd/folddb/main.go:396.12,398.29 2 0
github.com/kevin-cantwell/folddb/cmd/folddb/main.go:398.29,399.25 1 0
github.com/kevin-cantwell/folddb/cmd/folddb/main.go:399.25,401.28 2 0
github.com/kevin-cantwell/folddb/cmd/folddb/main.go:401.28,402.14 1 0
github.com/kevin-cantwell/folddb/cmd/folddb/main.go:405.4,405.11 1 0
github.com/kevin-cantwell/folddb/cmd/folddb/main.go:406.27,406.27 0 0
github.com/kevin-cantwell/folddb/cmd/folddb/main.go:407.22,408.11 1 0
github.com/kevin-cantwell/folddb/cmd/folddb/main.go:412.2,412.59 1 0
github.com/kevin-cantwell/folddb/cmd/folddb/main.go:415.121,417.16 2 0
github.com/kevin-cantwell/folddb/cmd/folddb/main.go:417.16,419.3 1 0
github.com/kevin-cantwell/folddb/cmd/folddb/main.go:421.2,422.30 2 0
github.com/kevin-cantwell/folddb/cmd/folddb/main.go:422.30,424.3 1 0
github.com/kevin-cantwell/folddb/cmd/folddb/main.go:426.2,429.13 3 0
github.com/kevin-cantwell/folddb/cmd/folddb/main.go:429.13,434.3 1 0
github.com/kevin-cantwell/folddb/cmd/folddb/main.go:434.8,439.3 1 0
github.com/kevin-cantwell/folddb/cmd/folddb/main.go:441.2,442.12 2 0
github.com/kevin-cantwell/folddb/cmd/folddb/main.go:442.12,444.3 1 0
github.com/kevin-cantwell/folddb/cmd/folddb/main.go:446.2,448.6 3 0
github.com/kevin-cantwell/folddb/cmd/folddb/main.go:448.6,449.10 1 0
github.com/kevin-cantwell/folddb/cmd/folddb/main.go:450.30,451.11 1 0
github.com/kevin-cantwell/folddb/cmd/folddb/main.go:451.11,453.5 1 0
github.com/kevin-cantwell/folddb/cmd/folddb/main.go:454.4,454.41 1 0
github.com/kevin-cantwell/folddb/cmd/folddb/main.go:454.41,456.5 1 0
github.com/kevin-cantwell/folddb/cmd/folddb/main.go:457.4,458.39 2 0
github.com/kevin-cantwell/folddb/cmd/folddb/main.go:458.39,460.5 1 0
github.com/kevin-cantwell/folddb/cmd/folddb/main.go:461.21,462.22 1 0
github.com/kevin-cantwell/folddb/cmd/folddb/main.go:468.149,471.12 3 0
github.com/kevin-cantwell/folddb/cmd/folddb/main.go:471.12,474.26 3 0
github.com/kevin-cantwell/folddb/cmd/folddb/main.go:474.26,476.18 2 0
github.com/kevin-cantwell/folddb/cmd/folddb/main.go:476.18,479.13 3 0
github.com/kevin-cantwell/folddb/cmd/folddb/main.go:481.4,481.29 1 0
github.com/kevin-cantwell/folddb/cmd/folddb/main.go:481.29,482.12 1 0
github.com/kevin-cantwell/folddb/cmd/folddb/main.go:483.26,483.26 0 0
github.com/kevin-cantwell/folddb/cmd/folddb/main.go:484.23,485.12 1 0
github.com/kevin-cantwell/folddb/cmd/folddb/main.go:488.4,488.12 1 0
github.com/kevin-cantwell/folddb/cmd/folddb/main.go:492.2,492.59 1 0
github.com/kevin-cantwell/folddb/cmd/folddb/main.go:496.130,499.12 2 0
github.com/kevin-cantwell/folddb/cmd/folddb/main.go:499.12,501.29 2 0
github.com/kevin-cantwell/folddb/cmd/folddb/main.go:501.29,502.25 1 0
github.com/kevin-cantwell/folddb/cmd/folddb/main.go:502.25,504.28 2 0
github.com/kevin-cantwell/folddb/cmd/folddb/main.go:504.28,505.14 1 0
github.com/kevin-cantwell/folddb/cmd/folddb/main.go:508.4,508.11 1 0
github.com/kevin-cantwell/folddb/cmd/folddb/main.go:509.27,509.27 0 0
github.com/kevin-cantwell/folddb/cmd/folddb/main.go:510.22,511.11 1 0
github.com/kevin-cantwell/folddb/cmd/folddb/main.go:517.2,518.29 2 0
github.com/kevin-cantwell/folddb/cmd/folddb/main.go:518.29,520.3 1 0
github.com/kevin-cantwell/folddb/cmd/folddb/main.go:523.2,524.16 2 0
github.com/kevin-cantwell/folddb/cmd/folddb/main.go:524.16,526.3 1 0
github.com/kevin-cantwell/folddb/cmd/folddb/main.go:529.2,530.27 2 0
github.com/kevin-cantwell/folddb/cmd/folddb/main.go:530.27,532.17 2 0
github.com/kevin-cantwell/folddb/cmd/folddb/main.go:532.17,534.4 1 0
github.com/kevin-cantwell/folddb/cmd/folddb/main.go:535.8,535.34 1 0
github.com/kevin-cantwell/folddb/cmd/folddb/main.go:535.34,537.3 1 0
github.com/kevin-cantwell/folddb/cmd/folddb/main.go:539.2,544.22 4 0
github.com/kevin-cantwell/folddb/cmd/folddb/main.go:544.22,546.31 2 0
github.com/kevin-cantwell/folddb/cmd/folddb/main.go:546.31,548.18 2 0
github.com/kevin-cantwell/folddb/cmd/folddb/main.go:548.18,550.5 1 0
github.com/kevin-cantwell/folddb/cmd/folddb/main.go:555.2,556.16 2 0
github.com/kevin-cantwell/folddb/cmd/folddb/main.go:556.16,558.3 1 0
github.com/kevin-cantwell/folddb/cmd/folddb/main.go:561.2,562.30 2 0
github.com/kevin-cantwell/folddb/cmd/folddb/main.go:562.30,564.3 1 0
github.com/kevin-cantwell/folddb/cmd/folddb/main.go:566.2,568.34 3 0
github.com/kevin-cantwell/folddb/cmd/folddb/main.go:568.34,569.28 1 0
github.com/kevin-cantwell/folddb/cmd/folddb/main.go:569.28,571.4 1 0
github.com/kevin-cantwell/folddb/cmd/folddb/main.go:572.3,572.26 1 0
github.com/kevin-cantwell/folddb/cmd/folddb/main.go:572.26,574.4 1 0
github.com/kevin-cantwell/folddb/cmd/folddb/main.go:576.2,581.27 4 0
github.com/kevin-cantwell/folddb/cmd/folddb/main.go:581.27,583.3 1 0
github.com/kevin-cantwell/folddb/cmd/folddb/main.go:585.2,593.25 3 0
github.com/kevin-cantwell/folddb/cmd/folddb/main.go:593.25,596.31 2 0
github.com/kevin-cantwell/folddb/cmd/folddb/main.go:596.31,597.24 1 0
github.com/kevin-cantwell/folddb/cmd/folddb/main.go:597.24,599.5 1 0
github.com/kevin-cantwell/folddb/cmd/folddb/main.go:602.3,605.17 3 0
github.com/kevin-cantwell/folddb/cmd/folddb/main.go:605.17,607.4 1 0
github.com/kevin-cantwell/folddb/cmd/folddb/main.go:608.3,608.19 1 0
github.com/kevin-cantwell/folddb/cmd/folddb/main.go:609.8,609.20 1 0
github.com/kevin-cantwell/folddb/cmd/folddb/main.go:609.20,614.3 1 0
github.com/kevin-cantwell/folddb/cmd/folddb/main.go:614.8,619.3 1 0
github.com/kevin-cantwell/folddb/cmd/folddb/main.go:621.2,622.12 2 0
github.com/kevin-cantwell/folddb/cmd/folddb/main.go:622.12,624.3 1 0
github.com/kevin-cantwell/folddb/cmd/folddb/main.go:626.2,628.6 3 0
github.com/kevin-cantwell/folddb/cmd/folddb/main.go:628.6,629.10 1 0
github.com/kevin-cantwell/folddb/cmd/folddb/main.go:630.30,631.11 1 0
github.com/kevin-cantwell/folddb/cmd/folddb/main.go:631.11,633.5 1 0
github.com/kevin-cantwell/folddb/cmd/folddb/main.go:634.4,634.41 1 0
github.com/kevin-cantwell/folddb/cmd/folddb/main.go:634.41,636.5 1 0
github.com/kevin-cantwell/folddb/cmd/folddb/main.go:637.4,638.39 2 0
github.com/kevin-cantwell/folddb/cmd/folddb/main.go:638.39,640.5 1 0
github.com/kevin-cantwell/folddb/cmd/folddb/main.go:641.21,642.22 1 0
github.com/kevin-cantwell/folddb/cmd/folddb/main.go:648.120,650.30 2 0
github.com/kevin-cantwell/folddb/cmd/folddb/main.go:650.30,652.17 2 0
github.com/kevin-cantwell/folddb/cmd/folddb/main.go:652.17,654.4 1 0
github.com/kevin-cantwell/folddb/cmd/folddb/main.go:656.2,657.33 2 0
github.com/kevin-cantwell/folddb/cmd/folddb/main.go:657.33,659.3 1 0
github.com/kevin-cantwell/folddb/cmd/folddb/main.go:661.2,664.12 3 0
github.com/kevin-cantwell/folddb/cmd/folddb/main.go:664.12,666.23 2 0
github.com/kevin-cantwell/folddb/cmd/folddb/main.go:666.23,667.26 1 0
github.com/kevin-cantwell/folddb/cmd/folddb/main.go:667.26,668.13 1 0
github.com/kevin-cantwell/folddb/cmd/folddb/main.go:670.4,670.11 1 0
github.com/kevin-cantwell/folddb/cmd/folddb/main.go:671.20,671.20 0 0
github.com/kevin-cantwell/folddb/cmd/folddb/main.go:672.22,673.11 1 0
github.com/kevin-cantwell/folddb/cmd/folddb/main.go:677.2,677.12 1 0
github.com/kevin-cantwell/folddb/cmd/folddb/main.go:680.19,682.16 2 0
github.com/kevin-cantwell/folddb/cmd/folddb/main.go:682.16,684.3 1 0
github.com/kevin-cantwell/folddb/cmd/folddb/main.go:685.2,685.41 1 0
github.com/kevin-cantwell/folddb/cmd/folddb/main.go:688.31,691.2 2 0
github.com/kevin-cantwell/folddb/cmd/folddb/main.go:693.52,695.27 1 0
github.com/kevin-cantwell/folddb/cmd/folddb/main.go:695.27,696.37 1 0
github.com/kevin-cantwell/folddb/cmd/folddb/main.go:696.37,698.18 2 0
github.com/kevin-cantwell/folddb/cmd/folddb/main.go:698.18,700.5 1 0
github.com/kevin-cantwell/folddb/cmd/folddb/main.go:701.4,701.28 1 0
github.com/kevin-cantwell/folddb/cmd/folddb/main.go:706.2,706.27 1 0
github.com/kevin-cantwell/folddb/cmd/folddb/main.go:706.27,707.36 1 0
github.com/kevin-cantwell/folddb/cmd/folddb/main.go:707.36,709.4 1 0
github.com/kevin-cantwell/folddb/cmd/folddb/main.go:712.2,712.70 1 0
github.com/kevin-cantwell/folddb/cmd/folddb/main.go:716.48,720.45 2 0
github.com/kevin-cantwell/folddb/cmd/folddb/main.go:720.45,721.51 1 0
github.com/kevin-cantwell/folddb/cmd/folddb/main.go:721.51,723.4 1 0
github.com/kevin-cantwell/folddb/cmd/folddb/main.go:723.9,725.4 1 0
github.com/kevin-cantwell/folddb/cmd/folddb/main.go:726.8,728.3 1 0
github.com/kevin-cantwell/folddb/cmd/folddb/main.go:731.2,731.48 1 0
github.com/kevin-cantwell/folddb/cmd/folddb/main.go:731.48,733.37 2 0
github.com/kevin-cantwell/folddb/cmd/folddb/main.go:733.37,734.46 1 0
github.com/kevin-cantwell/folddb/cmd/folddb/main.go:734.46,736.5 1 0
github.com/kevin-cantwell/folddb/cmd/folddb/main.go:738.8,740.3 1 0
github.com/kevin-cantwell/folddb/cmd/folddb/main.go:743.2,744.35 2 0
github.com/kevin-cantwell/folddb/cmd/folddb/main.go:744.35,745.22 1 0
github.com/kevin-cantwell/folddb/cmd/folddb/main.go:745.22,747.4 1 0
github.com/kevin-cantwell/folddb/cmd/folddb/main.go:747.9,749.4 1 0
github.com/kevin-cantwell/folddb/cmd/folddb/main.go:753.2,753.23 1 0
github.com/kevin-cantwell/folddb/cmd/folddb/main.go:753.23,755.3 1 0
github.com/kevin-cantwell/folddb/cmd/folddb/main.go:758.2,758.25 1 0
github.com/kevin-cantwell/folddb/cmd/folddb/main.go:758.25,760.34 2 0
github.com/kevin-cantwell/folddb/cmd/folddb/main.go:760.34,762.4 1 0
github.com/kevin-cantwell/folddb/cmd/folddb/main.go:763.3,763.71 1 0
github.com/kevin-cantwell/folddb/cmd/folddb/main.go:767.2,767.24 1 0
github.com/kevin-cantwell/folddb/cmd/folddb/main.go:767.24,769.3 1 0
github.com/kevin-cantwell/folddb/cmd/folddb/main.go:772.2,772.24 1 0
github.com/kevin-cantwell/folddb/cmd/folddb/main.go:772.24,774.32 2 0
github.com/kevin-cantwell/folddb/cmd/folddb/main.go:774.32,776.4 1 0
github.com/kevin-cantwell/folddb/cmd/folddb/main.go:780.2,780.27 1 0
github.com/kevin-cantwell/folddb/cmd/folddb/main.go:780.27,782.3 1 0
github.com/kevin-cantwell/folddb/cmd/folddb/main.go:785.2,785.27 1 0
github.com/kevin-cantwell/folddb/cmd/folddb/main.go:785.27,787.3 1 0
github.com/kevin-cantwell/folddb/cmd/folddb/main.go:790.2,790.22 1 0
github.com/kevin-cantwell/folddb/cmd/folddb/main.go:790.22,792.31 2 0
github.com/kevin-cantwell/folddb/cmd/folddb/main.go:792.31,794.4 1 0
github.com/kevin-cantwell/folddb/cmd/folddb/main.go:798.2,798.23 1 0
github.com/kevin-cantwell/folddb/cmd/folddb/main.go:798.23,800.3 1 0
github.com/kevin-cantwell/folddb/cmd/folddb/main.go:803.2,803.24 1 0
github.com/kevin-cantwell/folddb/cmd/folddb/main.go:803.24,805.3 1 0
github.com/kevin-cantwell/folddb/cmd/folddb/main.go:805.8,805.32 1 0
github.com/kevin-cantwell/folddb/cmd/folddb/main.go:805.32,807.3 1 0
github.com/kevin-cantwell/folddb/cmd/folddb/main.go:807.8,809.3 1 0
github.com/kevin-cantwell/folddb/cmd/folddb/main.go:813.36,814.23 1 0
github.com/kevin-cantwell/folddb/cmd/folddb/main.go:815.21,816.13 1 0
github.com/kevin-cantwell/folddb/cmd/folddb/main.go:817.22,818.16 1 0
github.com/kevin-cantwell/folddb/cmd/folddb/main.go:819.26,820.17 1 0
github.com/kevin-cantwell/folddb/cmd/folddb/main.go:821.26,822.29 1 0
github.com/kevin-cantwell/folddb/cmd/folddb/main.go:823.24,824.14 1 0
github.com/kevin-cantwell/folddb/cmd/folddb/main.go:824.14,826.4 1 0
github.com/kevin-cantwell/folddb/cmd/folddb/main.go:827.3,827.17 1 0
github.com/kevin-cantwell/folddb/cmd/folddb/main.go:828.24,829.16 1 0
github.com/kevin-cantwell/folddb/cmd/folddb/main.go:830.23,831.69 1 0
github.com/kevin-cantwell/folddb/cmd/folddb/main.go:832.22,833.41 1 0
github.com/kevin-cantwell/folddb/cmd/folddb/main.go:834.25,836.28 2 0
github.com/kevin-cantwell/folddb/cmd/folddb/main.go:836.28,838.4 1 0
github.com/kevin-cantwell/folddb/cmd/folddb/main.go:839.3,839.55 1 0
github.com/kevin-cantwell/folddb/cmd/folddb/main.go:840.21,841.48 1 0
github.com/kevin-cantwell/folddb/cmd/folddb/main.go:842.27,844.15 2 0
github.com/kevin-cantwell/folddb/cmd/folddb/main.go:844.15,846.4 1 0
github.com/kevin-cantwell/folddb/cmd/folddb/main.go:847.3,847.53 1 0
github.com/kevin-cantwell/folddb/cmd/folddb/main.go:848.10,849.30 1 0
github.com/kevin-cantwell/folddb/cmd/folddb/main.go:854.84,856.32 2 0
github.com/kevin-cantwell/folddb/cmd/folddb/main.go:856.32,858.3 1 0
github.com/kevin-cantwell/folddb/cmd/folddb/main.go:859.2,859.18 1 0
github.com/kevin-cantwell/folddb/cmd/folddb/main.go:868.66,870.16 2 0
github.com/kevin-cantwell/folddb/cmd/folddb/main.go:870.16,872.3 1 0
github.com/kevin-cantwell/folddb/cmd/folddb/main.go:873.2,873.60 1 0
github.com/kevin-cantwell/folddb/cmd/folddb/main.go:876.86,883.2 1 0
github.com/kevin-cantwell/folddb/cmd/folddb/main.go:885.42,887.2 1 0
github.com/kevin-cantwell/folddb/cmd/folddb/main.go:890.93,891.16 1 0
github.com/kevin-cantwell/folddb/cmd/folddb/main.go:891.16,893.3 1 0
github.com/kevin-cantwell/folddb/cmd/folddb/main.go:894.2,894.15 1 0
github.com/kevin-cantwell/folddb/cmd/folddb/main.go:894.15,896.3 1 0
github.com/kevin-cantwell/folddb/cmd/folddb/main.go:896.8,898.3 1 0
github.com/kevin-cantwell/folddb/cmd/folddb/schema.go:16.37,20.27 3 0
github.com/kevin-cantwell/folddb/cmd/folddb/schema.go:20.27,21.79 1 0
github.com/kevin-cantwell/folddb/cmd/folddb/schema.go:21.79,23.4 1 0
github.com/kevin-cantwell/folddb/cmd/folddb/schema.go:24.3,24.58 1 0
github.com/kevin-cantwell/folddb/cmd/folddb/schema.go:24.58,26.4 1 0
github.com/kevin-cantwell/folddb/cmd/folddb/schema.go:29.2,29.65 1 0
github.com/kevin-cantwell/folddb/cmd/folddb/schema.go:29.65,31.3 1 0
github.com/kevin-cantwell/folddb/cmd/folddb/schema.go:34.2,34.34 1 0
github.com/kevin-cantwell/folddb/cmd/folddb/schema.go:37.45,39.16 2 0
github.com/kevin-cantwell/folddb/cmd/folddb/schema.go:39.16,41.3 1 0
github.com/kevin-cantwell/folddb/cmd/folddb/schema.go:43.2,51.43 6 0
github.com/kevin-cantwell/folddb/cmd/folddb/schema.go:51.43,53.21 2 0
github.com/kevin-cantwell/folddb/cmd/folddb/schema.go:53.21,54.12 1 0
github.com/kevin-cantwell/folddb/cmd/folddb/schema.go:56.3,57.17 2 0
github.com/kevin-cantwell/folddb/cmd/folddb/schema.go:57.17,59.12 2 0
github.com/kevin-cantwell/folddb/cmd/folddb/schema.go:61.3,61.28 1 0
github.com/kevin-cantwell/folddb/cmd/folddb/schema.go:61.28,62.39 1 0
github.com/kevin-cantwell/folddb/cmd/folddb/schema.go:62.39,64.12 2 0
github.com/kevin-cantwell/folddb/cmd/folddb/schema.go:64.12,67.6 2 0
github.com/kevin-cantwell/folddb/cmd/folddb/schema.go:68.5,68.22 1 0
github.com/kevin-cantwell/folddb/cmd/folddb/schema.go:71.3,71.10 1 0
github.com/kevin-cantwell/folddb/cmd/folddb/schema.go:74.2,74.16 1 0
github.com/kevin-cantwell/folddb/cmd/folddb/schema.go:74.16,77.3 2 0
github.com/kevin-cantwell/folddb/cmd/folddb/schema.go:79.2,80.12 2 0
github.com/kevin-cantwell/folddb/cmd/folddb/schema.go:83.57,85.16 2 0
github.com/kevin-cantwell/folddb/cmd/folddb/schema.go:85.16,87.3 1 0
github.com/kevin-cantwell/folddb/cmd/folddb/schema.go:90.2,93.16 3 0
github.com/kevin-cantwell/folddb/cmd/folddb/schema.go:93.16,95.3 1 0
github.com/kevin-cantwell/folddb/cmd/folddb/schema.go:97.2,107.21 8 0
github.com/kevin-cantwell/folddb/cmd/folddb/schema.go:107.21,108.26 1 0
github.com/kevin-cantwell/folddb/cmd/folddb/schema.go:108.26,110.9 2 0
github.com/kevin-cantwell/folddb/cmd/folddb/schema.go:112.3,112.22 1 0
github.com/kevin-cantwell/folddb/cmd/folddb/schema.go:112.22,113.12 1 0
github.com/kevin-cantwell/folddb/cmd/folddb/schema.go:115.3,116.17 2 0
github.com/kevin-cantwell/folddb/cmd/folddb/schema.go:116.17,118.12 2 0
github.com/kevin-cantwell/folddb/cmd/folddb/schema.go:120.3,121.28 2 0
github.com/kevin-cantwell/folddb/cmd/folddb/schema.go:121.28,122.39 1 0
github.com/kevin-cantwell/folddb/cmd/folddb/schema.go:122.39,124.12 2 0
github.com/kevin-cantwell/folddb/cmd/folddb/schema.go:124.12,127.6 2 0
github.com/kevin-cantwell/folddb/cmd/folddb/schema.go:128.5,128.22 1 0
github.com/kevin-cantwell/folddb/cmd/folddb/schema.go:131.3,131.10 1 0
github.com/kevin-cantwell/folddb/cmd/folddb/schema.go:134.2,134.16 1 0
github.com/kevin-cantwell/folddb/cmd/folddb/schema.go:134.16,137.3 2 0
github.com/kevin-cantwell/folddb/cmd/folddb/schema.go:139.2,140.21 2 0
github.com/kevin-cantwell/folddb/cmd/folddb/schema.go:140.21,142.3 1 0
github.com/kevin-cantwell/folddb/cmd/folddb/schema.go:142.8,144.3 1 0
github.com/kevin-cantwell/folddb/cmd/folddb/schema.go:145.2,147.12 3 0
github.com/kevin-cantwell/folddb/cmd/folddb/schema.go:155.80,156.21 1 0
github.com/kevin-cantwell/folddb/cmd/folddb/schema.go:156.21,158.3 1 0
github.com/kevin-cantwell/folddb/cmd/folddb/schema.go:159.2,160.25 2 0
github.com/kevin-cantwell/folddb/cmd/folddb/schema.go:160.25,162.18 2 0
github.com/kevin-cantwell/folddb/cmd/folddb/schema.go:162.18,164.4 1 0
github.com/kevin-cantwell/folddb/cmd/folddb/schema.go:165.3,165.37 1 0
github.com/kevin-cantwell/folddb/cmd/folddb/schema.go:169.45,170.24 1 0
github.com/kevin-cantwell/folddb/cmd/folddb/schema.go:170.24,172.3 1 0
github.com/kevin-cantwell/folddb/cmd/folddb/schema.go:174.2,176.29 3 0
github.com/kevin-cantwell/folddb/cmd/folddb/schema.go:176.29,177.18 1 0
github.com/kevin-cantwell/folddb/cmd/folddb/schema.go:177.18,178.12 1 0
github.com/kevin-cantwell/folddb/cmd/folddb/schema.go:180.3,180.20 1 0
github.com/kevin-cantwell/folddb/cmd/folddb/schema.go:180.20,183.4 2 0
github.com/kevin-cantwell/folddb/cmd/folddb/schema.go:185.2,185.16 1 0
github.com/kevin-cantwell/folddb/cmd/folddb/schema.go:185.16,187.3 1 0
github.com/kevin-cantwell/folddb/cmd/folddb/schema.go:188.2,188.26 1 0
github.com/kevin-cantwell/folddb/cmd/folddb/schema.go:188.26,190.3 1 0
github.com/kevin-cantwell/folddb/cmd/folddb/schema.go:191.2,191.13 1 0
github.com/kevin-cantwell/folddb/cmd/folddb/schema.go:194.54,197.27 2 0
github.com/kevin-cantwell/folddb/cmd/folddb/schema.go:197.27,199.3 1 0
github.com/kevin-cantwell/folddb/cmd/folddb/schema.go:200.2,200.39 1 0
github.com/kevin-cantwell/folddb/cmd/folddb/schema.go:200.39,203.21 3 0
github.com/kevin-cantwell/folddb/cmd/folddb/schema.go:203.21,205.4 1 0
github.com/kevin-cantwell/folddb/cmd/folddb/schema.go:206.3,206.27 1 0
github.com/kevin-cantwell/folddb/cmd/folddb/schema.go:209.2,213.28 4 0
github.com/kevin-cantwell/folddb/cmd/folddb/schema.go:213.28,214.26 1 0
github.com/kevin-cantwell/folddb/cmd/folddb/schema.go:214.26,216.4 1 0
github.com/kevin-cantwell/folddb/cmd/folddb/schema.go:217.3,218.23 2 0
github.com/kevin-cantwell/folddb/cmd/folddb/schema.go:218.23,220.4 1 0
github.com/kevin-cantwell/folddb/cmd/folddb/schema.go:223.2,223.28 1 0
github.com/kevin-cantwell/folddb/cmd/folddb/schema.go:223.28,227.26 4 0
github.com/kevin-cantwell/folddb/cmd/folddb/schema.go:227.26,229.4 1 0
github.com/kevin-cantwell/folddb/cmd/folddb/schema.go:230.3,230.71 1 0
github.com/kevin-cantwell/folddb/internal/format/csv.go:30.65,32.39 2 1
github.com/kevin-cantwell/folddb/internal/format/csv.go:32.39,34.3 1 1
github.com/kevin-cantwell/folddb/internal/format/csv.go:36.2,38.18 3 1
github.com/kevin-cantwell/folddb/internal/format/csv.go:38.19,43.3 0 0
github.com/kevin-cantwell/folddb/internal/format/csv.go:44.2,48.16 4 1
github.com/kevin-cantwell/folddb/internal/format/csv.go:48.16,50.3 1 0
github.com/kevin-cantwell/folddb/internal/format/csv.go:53.2,53.35 1 1
github.com/kevin-cantwell/folddb/internal/format/csv.go:53.35,55.28 2 1
github.com/kevin-cantwell/folddb/internal/format/csv.go:55.28,57.4 1 1
github.com/kevin-cantwell/folddb/internal/format/csv.go:58.3,59.39 2 1
github.com/kevin-cantwell/folddb/internal/format/csv.go:63.2,63.22 1 1
github.com/kevin-cantwell/folddb/internal/format/csv.go:63.22,65.25 2 1
github.com/kevin-cantwell/folddb/internal/format/csv.go:65.25,67.4 1 1
github.com/kevin-cantwell/folddb/internal/format/csv.go:70.2,71.27 2 1
github.com/kevin-cantwell/folddb/internal/format/csv.go:71.27,73.25 2 1
github.com/kevin-cantwell/folddb/internal/format/csv.go:73.25,75.4 1 1
github.com/kevin-cantwell/folddb/internal/format/csv.go:75.9,77.4 1 0
github.com/kevin-cantwell/folddb/internal/format/csv.go:78.3,78.38 1 1
github.com/kevin-cantwell/folddb/internal/format/csv.go:81.2,85.8 1 1
github.com/kevin-cantwell/folddb/internal/format/debezium.go:39.70,41.16 2 0
github.com/kevin-cantwell/folddb/internal/format/debezium.go:41.16,43.3 1 0
github.com/kevin-cantwell/folddb/internal/format/debezium.go:44.2,44.20 1 0
github.com/kevin-cantwell/folddb/internal/format/debezium.go:44.20,46.3 1 0
github.com/kevin-cantwell/folddb/internal/format/debezium.go:47.2,47.21 1 0
github.com/kevin-cantwell/folddb/internal/format/debezium.go:52.77,56.41 4 1
github.com/kevin-cantwell/folddb/internal/format/debezium.go:56.41,58.3 1 0
github.com/kevin-cantwell/folddb/internal/format/debezium.go:61.2,62.23 2 1
github.com/kevin-cantwell/folddb/internal/format/debezium.go:62.23,64.3 1 1
github.com/kevin-cantwell/folddb/internal/format/debezium.go:67.2,72.28 2 1
github.com/kevin-cantwell/folddb/internal/format/debezium.go:72.28,74.3 1 1
github.com/kevin-cantwell/folddb/internal/format/debezium.go:74.8,78.3 3 1
github.com/kevin-cantwell/folddb/internal/format/debezium.go:81.2,81.27 1 1
github.com/kevin-cantwell/folddb/internal/format/debezium.go:81.27,83.3 1 1
github.com/kevin-cantwell/folddb/internal/format/debezium.go:83.8,87.3 3 1
github.com/kevin-cantwell/folddb/internal/format/debezium.go:90.2,92.18 3 1
github.com/kevin-cantwell/folddb/internal/format/debezium.go:92.18,94.3 1 1
github.com/kevin-cantwell/folddb/internal/format/debezium.go:94.8,96.3 1 1
github.com/kevin-cantwell/folddb/internal/format/debezium.go:97.2,97.23 1 1
github.com/kevin-cantwell/folddb/internal/format/debezium.go:97.23,101.3 3 1
github.com/kevin-cantwell/folddb/internal/format/debezium.go:101.8,103.3 1 0
github.com/kevin-cantwell/folddb/internal/format/debezium.go:105.2,107.16 2 1
github.com/kevin-cantwell/folddb/internal/format/debezium.go:108.16,111.17 2 1
github.com/kevin-cantwell/folddb/internal/format/debezium.go:111.17,113.4 1 0
github.com/kevin-cantwell/folddb/internal/format/debezium.go:114.3,114.35 1 1
github.com/kevin-cantwell/folddb/internal/format/debezium.go:116.11,120.28 2 1
github.com/kevin-cantwell/folddb/internal/format/debezium.go:120.28,122.4 1 1
github.com/kevin-cantwell/folddb/internal/format/debezium.go:124.3,124.30 1 1
github.com/kevin-cantwell/folddb/internal/format/debezium.go:124.30,126.18 2 1
github.com/kevin-cantwell/folddb/internal/format/debezium.go:126.18,128.5 1 0
github.com/kevin-cantwell/folddb/internal/format/debezium.go:129.4,129.34 1 1
github.com/kevin-cantwell/folddb/internal/format/debezium.go:130.9,132.33 1 1
github.com/kevin-cantwell/folddb/internal/format/debezium.go:132.33,134.5 1 1
github.com/kevin-cantwell/folddb/internal/format/debezium.go:137.3,138.17 2 1
github.com/kevin-cantwell/folddb/internal/format/debezium.go:138.17,140.4 1 0
github.com/kevin-cantwell/folddb/internal/format/debezium.go:141.3,142.19 2 1
github.com/kevin-cantwell/folddb/internal/format/debezium.go:144.11,146.29 1 1
github.com/kevin-cantwell/folddb/internal/format/debezium.go:146.29,148.33 1 1
github.com/kevin-cantwell/folddb/internal/format/debezium.go:148.33,150.5 1 1
github.com/kevin-cantwell/folddb/internal/format/debezium.go:151.4,151.108 1 1
github.com/kevin-cantwell/folddb/internal/format/debezium.go:153.3,154.17 2 1
github.com/kevin-cantwell/folddb/internal/format/debezium.go:154.17,156.4 1 0
github.com/kevin-cantwell/folddb/internal/format/debezium.go:157.3,157.35 1 1
github.com/kevin-cantwell/folddb/internal/format/debezium.go:159.11,162.18 2 1
github.com/kevin-cantwell/folddb/internal/format/debezium.go:164.10,165.60 1 0
github.com/kevin-cantwell/folddb/internal/format/debezium.go:170.146,174.41 4 1
github.com/kevin-cantwell/folddb/internal/format/debezium.go:174.41,176.3 1 0
github.com/kevin-cantwell/folddb/internal/format/debezium.go:178.2,179.24 2 1
github.com/kevin-cantwell/folddb/internal/format/debezium.go:179.24,181.3 1 1
github.com/kevin-cantwell/folddb/internal/format/debezium.go:183.2,189.8 2 1
github.com/kevin-cantwell/folddb/internal/format/debezium.go:193.43,194.19 1 1
github.com/kevin-cantwell/folddb/internal/format/debezium.go:194.19,196.3 1 0
github.com/kevin-cantwell/folddb/internal/format/debezium.go:197.2,198.34 2 1
github.com/kevin-cantwell/folddb/internal/format/format.go:27.52,29.2 1 0
github.com/kevin-cantwell/folddb/internal/format/format.go:33.87,34.55 1 0
github.com/kevin-cantwell/folddb/internal/format/format.go:35.28,36.29 1 0
github.com/kevin-cantwell/folddb/internal/format/format.go:37.18,38.33 1 0
github.com/kevin-cantwell/folddb/internal/format/format.go:39.13,40.34 1 0
github.com/kevin-cantwell/folddb/internal/format/format.go:41.10,42.62 1 0
github.com/kevin-cantwell/folddb/internal/format/format.go:47.56,52.17 2 0
github.com/kevin-cantwell/folddb/internal/format/format.go:52.17,54.3 1 0
github.com/kevin-cantwell/folddb/internal/format/format.go:55.2,55.50 1 0
github.com/kevin-cantwell/folddb/internal/format/format.go:55.50,56.12 1 0
github.com/kevin-cantwell/folddb/internal/format/format.go:57.21,58.22 1 0
github.com/kevin-cantwell/folddb/internal/format/format.go:59.11,60.28 1 0
github.com/kevin-cantwell/folddb/internal/format/format.go:63.2,63.33 1 0
github.com/kevin-cantwell/folddb/internal/format/format.go:63.33,65.3 1 0
github.com/kevin-cantwell/folddb/internal/format/format.go:66.2,66.46 1 0
github.com/kevin-cantwell/folddb/internal/format/format.go:66.46,68.3 1 0
github.com/kevin-cantwell/folddb/internal/format/format.go:69.2,69.10 1 0
github.com/kevin-cantwell/folddb/internal/format/format.go:75.67,76.38 1 0
github.com/kevin-cantwell/folddb/internal/format/format.go:76.38,78.3 1 0
github.com/kevin-cantwell/folddb/internal/format/format.go:79.2,80.16 2 0
github.com/kevin-cantwell/folddb/internal/format/format.go:80.16,82.3 1 0
github.com/kevin-cantwell/folddb/internal/format/format.go:83.2,83.34 1 0
github.com/kevin-cantwell/folddb/internal/format/json.go:18.66,22.41 4 1
github.com/kevin-cantwell/folddb/internal/format/json.go:22.41,24.3 1 1
github.com/kevin-cantwell/folddb/internal/format/json.go:26.2,27.24 2 1
github.com/kevin-cantwell/folddb/internal/format/json.go:27.24,29.3 1 1
github.com/kevin-cantwell/folddb/internal/format/json.go:31.2,35.8 1 1
github.com/kevin-cantwell/folddb/internal/format/json.go:38.37,39.14 1 1
github.com/kevin-cantwell/folddb/internal/format/json.go:39.14,41.3 1 1
github.com/kevin-cantwell/folddb/internal/format/json.go:42.2,42.25 1 1
github.com/kevin-cantwell/folddb/internal/format/json.go:43.19,44.40 1 1
github.com/kevin-cantwell/folddb/internal/format/json.go:44.40,46.4 1 1
github.com/kevin-cantwell/folddb/internal/format/json.go:47.3,47.42 1 1
github.com/kevin-cantwell/folddb/internal/format/json.go:47.42,49.4 1 1
github.com/kevin-cantwell/folddb/internal/format/json.go:50.3,50.43 1 0
github.com/kevin-cantwell/folddb/internal/format/json.go:51.14,52.34 1 1
github.com/kevin-cantwell/folddb/internal/format/json.go:53.12,54.34 1 1
github.com/kevin-cantwell/folddb/internal/format/json.go:55.22,56.34 1 1
github.com/kevin-cantwell/folddb/internal/format/json.go:57.13,58.34 1 1
github.com/kevin-cantwell/folddb/internal/format/json.go:59.10,60.53 1 0
github.com/kevin-cantwell/folddb/internal/format/virtual.go:12.87,14.22 2 1
github.com/kevin-cantwell/folddb/internal/format/virtual.go:14.22,15.29 1 1
github.com/kevin-cantwell/folddb/internal/format/virtual.go:15.29,17.4 1 0
github.com/kevin-cantwell/folddb/internal/format/virtual.go:18.3,20.29 3 1
github.com/kevin-cantwell/folddb/internal/format/virtual.go:20.29,22.4 1 1
github.com/kevin-cantwell/folddb/internal/format/virtual.go:22.9,24.4 1 0
github.com/kevin-cantwell/folddb/internal/format/virtual.go:25.3,25.19 1 1
github.com/kevin-cantwell/folddb/internal/format/virtual.go:25.19,27.4 1 1
github.com/kevin-cantwell/folddb/internal/format/virtual.go:27.9,29.4 1 1
github.com/kevin-cantwell/folddb/internal/format/virtual.go:31.2,31.13 1 1
github.com/kevin-cantwell/folddb/internal/engine/accumulator.go:42.45,46.2 3 1
github.com/kevin-cantwell/folddb/internal/engine/accumulator.go:48.49,51.17 3 1
github.com/kevin-cantwell/folddb/internal/engine/accumulator.go:51.17,53.3 1 1
github.com/kevin-cantwell/folddb/internal/engine/accumulator.go:54.2,54.31 1 1
github.com/kevin-cantwell/folddb/internal/engine/accumulator.go:57.47,59.2 1 1
github.com/kevin-cantwell/folddb/internal/engine/accumulator.go:61.50,61.70 1 1
github.com/kevin-cantwell/folddb/internal/engine/accumulator.go:62.50,62.71 1 1
github.com/kevin-cantwell/folddb/internal/engine/accumulator.go:63.51,63.66 1 0
github.com/kevin-cantwell/folddb/internal/engine/accumulator.go:64.57,65.48 1 1
github.com/kevin-cantwell/folddb/internal/engine/accumulator.go:65.48,69.3 3 1
github.com/kevin-cantwell/folddb/internal/engine/accumulator.go:72.58,74.2 1 1
github.com/kevin-cantwell/folddb/internal/engine/accumulator.go:76.61,78.2 1 1
github.com/kevin-cantwell/folddb/internal/engine/accumulator.go:89.45,90.20 1 1
github.com/kevin-cantwell/folddb/internal/engine/accumulator.go:90.20,92.3 1 1
github.com/kevin-cantwell/folddb/internal/engine/accumulator.go:93.2,95.31 3 1
github.com/kevin-cantwell/folddb/internal/engine/accumulator.go:98.49,99.20 1 1
github.com/kevin-cantwell/folddb/internal/engine/accumulator.go:99.20,101.3 1 1
github.com/kevin-cantwell/folddb/internal/engine/accumulator.go:102.2,104.17 3 1
github.com/kevin-cantwell/folddb/internal/engine/accumulator.go:104.17,106.3 1 1
github.com/kevin-cantwell/folddb/internal/engine/accumulator.go:107.2,107.31 1 1
github.com/kevin-cantwell/folddb/internal/engine/accumulator.go:110.43,112.2 1 1
github.com/kevin-cantwell/folddb/internal/engine/accumulator.go:114.46,114.66 1 1
github.com/kevin-cantwell/folddb/internal/engine/accumulator.go:115.46,115.67 1 1
github.com/kevin-cantwell/folddb/internal/engine/accumulator.go:116.47,116.62 1 0
github.com/kevin-cantwell/folddb/internal/engine/accumulator.go:117.53,118.44 1 1
github.com/kevin-cantwell/folddb/internal/engine/accumulator.go:118.44,122.3 3 1
github.com/kevin-cantwell/folddb/internal/engine/accumulator.go:125.54,127.2 1 1
github.com/kevin-cantwell/folddb/internal/engine/accumulator.go:129.57,131.2 1 1
github.com/kevin-cantwell/folddb/internal/engine/accumulator.go:146.43,147.20 1 1
github.com/kevin-cantwell/folddb/internal/engine/accumulator.go:147.20,149.3 1 1
github.com/kevin-cantwell/folddb/internal/engine/accumulator.go:150.2,151.9 2 1
github.com/kevin-cantwell/folddb/internal/engine/accumulator.go:151.9,153.3 1 0
github.com/kevin-cantwell/folddb/internal/engine/accumulator.go:154.2,159.18 6 1
github.com/kevin-cantwell/folddb/internal/engine/accumulator.go:162.47,163.20 1 1
github.com/kevin-cantwell/folddb/internal/engine/accumulator.go:163.20,165.3 1 1
github.com/kevin-cantwell/folddb/internal/engine/accumulator.go:166.2,167.9 2 1
github.com/kevin-cantwell/folddb/internal/engine/accumulator.go:167.9,169.3 1 0
github.com/kevin-cantwell/folddb/internal/engine/accumulator.go:170.2,174.18 5 1
github.com/kevin-cantwell/folddb/internal/engine/accumulator.go:177.41,178.17 1 1
github.com/kevin-cantwell/folddb/internal/engine/accumulator.go:178.17,180.3 1 1
github.com/kevin-cantwell/folddb/internal/engine/accumulator.go:182.2,182.36 1 1
github.com/kevin-cantwell/folddb/internal/engine/accumulator.go:182.36,184.3 1 1
github.com/kevin-cantwell/folddb/internal/engine/accumulator.go:185.2,185.29 1 0
github.com/kevin-cantwell/folddb/internal/engine/accumulator.go:188.44,188.64 1 1
github.com/kevin-cantwell/folddb/internal/engine/accumulator.go:189.44,189.65 1 1
github.com/kevin-cantwell/folddb/internal/engine/accumulator.go:190.45,190.60 1 0
github.com/kevin-cantwell/folddb/internal/engine/accumulator.go:191.51,192.42 1 1
github.com/kevin-cantwell/folddb/internal/engine/accumulator.go:192.42,196.3 3 1
github.com/kevin-cantwell/folddb/internal/engine/accumulator.go:199.52,201.16 2 1
github.com/kevin-cantwell/folddb/internal/engine/accumulator.go:201.16,203.3 1 1
github.com/kevin-cantwell/folddb/internal/engine/accumulator.go:204.2,204.65 1 1
github.com/kevin-cantwell/folddb/internal/engine/accumulator.go:207.55,209.49 2 1
github.com/kevin-cantwell/folddb/internal/engine/accumulator.go:209.49,211.3 1 0
github.com/kevin-cantwell/folddb/internal/engine/accumulator.go:212.2,212.17 1 1
github.com/kevin-cantwell/folddb/internal/engine/accumulator.go:212.17,215.3 2 1
github.com/kevin-cantwell/folddb/internal/engine/accumulator.go:216.2,216.17 1 1
github.com/kevin-cantwell/folddb/internal/engine/accumulator.go:216.17,218.3 1 1
github.com/kevin-cantwell/folddb/internal/engine/accumulator.go:219.2,219.12 1 1
github.com/kevin-cantwell/folddb/internal/engine/accumulator.go:232.43,233.20 1 1
github.com/kevin-cantwell/folddb/internal/engine/accumulator.go:233.20,235.3 1 1
github.com/kevin-cantwell/folddb/internal/engine/accumulator.go:236.2,237.9 2 1
github.com/kevin-cantwell/folddb/internal/engine/accumulator.go:237.9,239.3 1 0
github.com/kevin-cantwell/folddb/internal/engine/accumulator.go:240.2,243.49 4 1
github.com/kevin-cantwell/folddb/internal/engine/accumulator.go:246.47,247.20 1 1
github.com/kevin-cantwell/folddb/internal/engine/accumulator.go:247.20,249.3 1 1
github.com/kevin-cantwell/folddb/internal/engine/accumulator.go:250.2,251.9 2 1
github.com/kevin-cantwell/folddb/internal/engine/accumulator.go:251.9,253.3 1 0
github.com/kevin-cantwell/folddb/internal/engine/accumulator.go:254.2,257.49 4 1
github.com/kevin-cantwell/folddb/internal/engine/accumulator.go:260.41,261.18 1 1
github.com/kevin-cantwell/folddb/internal/engine/accumulator.go:261.18,263.3 1 1
github.com/kevin-cantwell/folddb/internal/engine/accumulator.go:264.2,264.48 1 1
github.com/kevin-cantwell/folddb/internal/engine/accumulator.go:267.44,267.64 1 1
github.com/kevin-cantwell/folddb/internal/engine/accumulator.go:268.44,268.65 1 1
github.com/kevin-cantwell/folddb/internal/engine/accumulator.go:269.45,269.60 1 0
github.com/kevin-cantwell/folddb/internal/engine/accumulator.go:270.51,271.42 1 0
github.com/kevin-cantwell/folddb/internal/engine/accumulator.go:271.42,275.3 3 0
github.com/kevin-cantwell/folddb/internal/engine/accumulator.go:278.52,280.2 1 1
github.com/kevin-cantwell/folddb/internal/engine/accumulator.go:282.55,284.49 2 1
github.com/kevin-cantwell/folddb/internal/engine/accumulator.go:284.49,286.3 1 0
github.com/kevin-cantwell/folddb/internal/engine/accumulator.go:287.2,287.17 1 1
github.com/kevin-cantwell/folddb/internal/engine/accumulator.go:287.17,290.3 2 1
github.com/kevin-cantwell/folddb/internal/engine/accumulator.go:291.2,291.12 1 1
github.com/kevin-cantwell/folddb/internal/engine/accumulator.go:303.43,304.20 1 1
github.com/kevin-cantwell/folddb/internal/engine/accumulator.go:304.20,306.3 1 1
github.com/kevin-cantwell/folddb/internal/engine/accumulator.go:307.2,308.9 2 1
github.com/kevin-cantwell/folddb/internal/engine/accumulator.go:308.9,310.3 1 0
github.com/kevin-cantwell/folddb/internal/engine/accumulator.go:311.2,314.49 4 1
github.com/kevin-cantwell/folddb/internal/engine/accumulator.go:317.47,318.20 1 1
github.com/kevin-cantwell/folddb/internal/engine/accumulator.go:318.20,320.3 1 1
github.com/kevin-cantwell/folddb/internal/engine/accumulator.go:321.2,322.9 2 1
github.com/kevin-cantwell/folddb/internal/engine/accumulator.go:322.9,324.3 1 0
github.com/kevin-cantwell/folddb/internal/engine/accumulator.go:325.2,326.29 2 1
github.com/kevin-cantwell/folddb/internal/engine/accumulator.go:326.29,327.13 1 1
github.com/kevin-cantwell/folddb/internal/engine/accumulator.go:327.13,329.9 2 1
github.com/kevin-cantwell/folddb/internal/engine/accumulator.go:332.2,332.49 1 1
github.com/kevin-cantwell/folddb/internal/engine/accumulator.go:335.41,336.24 1 1
github.com/kevin-cantwell/folddb/internal/engine/accumulator.go:336.24,338.3 1 1
github.com/kevin-cantwell/folddb/internal/engine/accumulator.go:339.2,340.28 2 1
github.com/kevin-cantwell/folddb/internal/engine/accumulator.go:340.28,342.3 1 1
github.com/kevin-cantwell/folddb/internal/engine/accumulator.go:343.2,343.25 1 1
github.com/kevin-cantwell/folddb/internal/engine/accumulator.go:346.44,346.64 1 1
github.com/kevin-cantwell/folddb/internal/engine/accumulator.go:347.44,347.65 1 1
github.com/kevin-cantwell/folddb/internal/engine/accumulator.go:348.45,348.60 1 0
github.com/kevin-cantwell/folddb/internal/engine/accumulator.go:349.51,350.42 1 1
github.com/kevin-cantwell/folddb/internal/engine/accumulator.go:350.42,354.3 3 1
github.com/kevin-cantwell/folddb/internal/engine/accumulator.go:357.52,359.2 1 1
github.com/kevin-cantwell/folddb/internal/engine/accumulator.go:361.55,363.2 1 1
github.com/kevin-cantwell/folddb/internal/engine/accumulator.go:374.43,375.20 1 1
github.com/kevin-cantwell/folddb/internal/engine/accumulator.go:375.20,377.3 1 1
github.com/kevin-cantwell/folddb/internal/engine/accumulator.go:378.2,379.9 2 1
github.com/kevin-cantwell/folddb/internal/engine/accumulator.go:379.9,381.3 1 0
github.com/kevin-cantwell/folddb/internal/engine/accumulator.go:382.2,385.49 4 1
github.com/kevin-cantwell/folddb/internal/engine/accumulator.go:388.47,389.20 1 1
github.com/kevin-cantwell/folddb/internal/engine/accumulator.go:389.20,391.3 1 1
github.com/kevin-cantwell/folddb/internal/engine/accumulator.go:392.2,393.9 2 1
github.com/kevin-cantwell/folddb/internal/engine/accumulator.go:393.9,395.3 1 0
github.com/kevin-cantwell/folddb/internal/engine/accumulator.go:396.2,397.29 2 1
github.com/kevin-cantwell/folddb/internal/engine/accumulator.go:397.29,398.13 1 1
github.com/kevin-cantwell/folddb/internal/engine/accumulator.go:398.13,400.9 2 1
github.com/kevin-cantwell/folddb/internal/engine/accumulator.go:403.2,403.49 1 1
github.com/kevin-cantwell/folddb/internal/engine/accumulator.go:406.41,407.24 1 1
github.com/kevin-cantwell/folddb/internal/engine/accumulator.go:407.24,409.3 1 1
github.com/kevin-cantwell/folddb/internal/engine/accumulator.go:410.2,411.28 2 1
github.com/kevin-cantwell/folddb/internal/engine/accumulator.go:411.28,413.3 1 1
github.com/kevin-cantwell/folddb/internal/engine/accumulator.go:414.2,414.25 1 1
github.com/kevin-cantwell/folddb/internal/engine/accumulator.go:417.44,417.64 1 1
github.com/kevin-cantwell/folddb/internal/engine/accumulator.go:418.44,418.65 1 1
github.com/kevin-cantwell/folddb/internal/engine/accumulator.go:419.45,419.60 1 0
github.com/kevin-cantwell/folddb/internal/engine/accumulator.go:420.51,421.42 1 1
github.com/kevin-cantwell/folddb/internal/engine/accumulator.go:421.42,425.3 3 1
github.com/kevin-cantwell/folddb/internal/engine/accumulator.go:428.52,430.2 1 1
github.com/kevin-cantwell/folddb/internal/engine/accumulator.go:432.55,434.2 1 1
github.com/kevin-cantwell/folddb/internal/engine/accumulator.go:445.45,446.20 1 1
github.com/kevin-cantwell/folddb/internal/engine/accumulator.go:446.20,448.3 1 1
github.com/kevin-cantwell/folddb/internal/engine/accumulator.go:449.2,449.12 1 1
github.com/kevin-cantwell/folddb/internal/engine/accumulator.go:449.12,453.3 3 1
github.com/kevin-cantwell/folddb/internal/engine/accumulator.go:456.45,459.2 1 1
github.com/kevin-cantwell/folddb/internal/engine/accumulator.go:461.43,462.12 1 1
github.com/kevin-cantwell/folddb/internal/engine/accumulator.go:462.12,464.3 1 1
github.com/kevin-cantwell/folddb/internal/engine/accumulator.go:465.2,465.16 1 1
github.com/kevin-cantwell/folddb/internal/engine/accumulator.go:468.46,468.66 1 1
github.com/kevin-cantwell/folddb/internal/engine/accumulator.go:469.46,469.67 1 1
github.com/kevin-cantwell/folddb/internal/engine/accumulator.go:470.47,470.63 1 1
github.com/kevin-cantwell/folddb/internal/engine/accumulator.go:471.50,471.51 0 0
github.com/kevin-cantwell/folddb/internal/engine/accumulator.go:473.54,474.12 1 1
github.com/kevin-cantwell/folddb/internal/engine/accumulator.go:474.12,476.3 1 0
github.com/kevin-cantwell/folddb/internal/engine/accumulator.go:477.2,477.39 1 1
github.com/kevin-cantwell/folddb/internal/engine/accumulator.go:480.57,482.49 2 1
github.com/kevin-cantwell/folddb/internal/engine/accumulator.go:482.49,484.3 1 0
github.com/kevin-cantwell/folddb/internal/engine/accumulator.go:485.2,485.14 1 1
github.com/kevin-cantwell/folddb/internal/engine/accumulator.go:485.14,488.3 2 0
github.com/kevin-cantwell/folddb/internal/engine/accumulator.go:489.2,491.12 3 1
github.com/kevin-cantwell/folddb/internal/engine/accumulator.go:503.44,504.20 1 1
github.com/kevin-cantwell/folddb/internal/engine/accumulator.go:504.20,506.3 1 1
github.com/kevin-cantwell/folddb/internal/engine/accumulator.go:507.2,509.18 3 1
github.com/kevin-cantwell/folddb/internal/engine/accumulator.go:512.44,515.2 1 1
github.com/kevin-cantwell/folddb/internal/engine/accumulator.go:517.42,518.12 1 1
github.com/kevin-cantwell/folddb/internal/engine/accumulator.go:518.12,520.3 1 0
github.com/kevin-cantwell/folddb/internal/engine/accumulator.go:521.2,521.16 1 1
github.com/kevin-cantwell/folddb/internal/engine/accumulator.go:524.45,524.65 1 1
github.com/kevin-cantwell/folddb/internal/engine/accumulator.go:525.45,525.66 1 1
github.com/kevin-cantwell/folddb/internal/engine/accumulator.go:526.46,526.62 1 1
github.com/kevin-cantwell/folddb/internal/engine/accumulator.go:527.49,527.50 0 0
github.com/kevin-cantwell/folddb/internal/engine/accumulator.go:529.53,530.12 1 1
github.com/kevin-cantwell/folddb/internal/engine/accumulator.go:530.12,532.3 1 0
github.com/kevin-cantwell/folddb/internal/engine/accumulator.go:533.2,533.39 1 1
github.com/kevin-cantwell/folddb/internal/engine/accumulator.go:536.56,538.49 2 1
github.com/kevin-cantwell/folddb/internal/engine/accumulator.go:538.49,540.3 1 0
github.com/kevin-cantwell/folddb/internal/engine/accumulator.go:541.2,541.14 1 1
github.com/kevin-cantwell/folddb/internal/engine/accumulator.go:541.14,544.3 2 0
github.com/kevin-cantwell/folddb/internal/engine/accumulator.go:545.2,547.12 3 1
github.com/kevin-cantwell/folddb/internal/engine/accumulator.go:553.44,554.25 1 1
github.com/kevin-cantwell/folddb/internal/engine/accumulator.go:555.16,556.30 1 1
github.com/kevin-cantwell/folddb/internal/engine/accumulator.go:557.18,558.21 1 1
github.com/kevin-cantwell/folddb/internal/engine/accumulator.go:559.17,562.56 2 1
github.com/kevin-cantwell/folddb/internal/engine/accumulator.go:562.56,564.4 1 1
github.com/kevin-cantwell/folddb/internal/engine/accumulator.go:565.3,565.18 1 1
github.com/kevin-cantwell/folddb/internal/engine/accumulator.go:566.10,567.18 1 1
github.com/kevin-cantwell/folddb/internal/engine/accumulator.go:572.35,573.26 1 1
github.com/kevin-cantwell/folddb/internal/engine/accumulator.go:573.26,575.3 1 1
github.com/kevin-cantwell/folddb/internal/engine/accumulator.go:576.2,576.26 1 1
github.com/kevin-cantwell/folddb/internal/engine/accumulator.go:576.26,578.3 1 1
github.com/kevin-cantwell/folddb/internal/engine/accumulator.go:579.2,579.30 1 1
github.com/kevin-cantwell/folddb/internal/engine/accumulator.go:579.30,581.3 1 1
github.com/kevin-cantwell/folddb/internal/engine/accumulator.go:582.2,582.30 1 1
github.com/kevin-cantwell/folddb/internal/engine/accumulator.go:582.30,584.3 1 1
github.com/kevin-cantwell/folddb/internal/engine/accumulator.go:585.2,585.33 1 1
github.com/kevin-cantwell/folddb/internal/engine/accumulator.go:589.30,590.14 1 1
github.com/kevin-cantwell/folddb/internal/engine/accumulator.go:590.14,592.3 1 1
github.com/kevin-cantwell/folddb/internal/engine/accumulator.go:593.2,593.25 1 1
github.com/kevin-cantwell/folddb/internal/engine/accumulator.go:594.15,595.33 1 1
github.com/kevin-cantwell/folddb/internal/engine/accumulator.go:595.33,597.4 1 1
github.com/kevin-cantwell/folddb/internal/engine/accumulator.go:598.3,598.28 1 1
github.com/kevin-cantwell/folddb/internal/engine/accumulator.go:599.14,600.27 1 1
github.com/kevin-cantwell/folddb/internal/engine/accumulator.go:601.12,602.27 1 1
github.com/kevin-cantwell/folddb/internal/engine/accumulator.go:603.10,604.46 1 0
github.com/kevin-cantwell/folddb/internal/engine/accumulator.go:613.43,613.60 1 0
github.com/kevin-cantwell/folddb/internal/engine/accumulator.go:614.44,614.66 1 0
github.com/kevin-cantwell/folddb/internal/engine/accumulator.go:615.44,615.71 1 0
github.com/kevin-cantwell/folddb/internal/engine/accumulator.go:616.43,616.75 1 0
github.com/kevin-cantwell/folddb/internal/engine/accumulator.go:617.33,623.2 5 0
github.com/kevin-cantwell/folddb/internal/engine/aggregate.go:52.92,59.2 1 1
github.com/kevin-cantwell/folddb/internal/engine/aggregate.go:63.75,66.22 2 1
github.com/kevin-cantwell/folddb/internal/engine/aggregate.go:66.22,68.3 1 1
github.com/kevin-cantwell/folddb/internal/engine/aggregate.go:69.2,69.12 1 1
github.com/kevin-cantwell/folddb/internal/engine/aggregate.go:72.69,75.39 2 1
github.com/kevin-cantwell/folddb/internal/engine/aggregate.go:75.39,77.17 2 1
github.com/kevin-cantwell/folddb/internal/engine/aggregate.go:77.17,79.12 1 0
github.com/kevin-cantwell/folddb/internal/engine/aggregate.go:81.3,81.19 1 1
github.com/kevin-cantwell/folddb/internal/engine/aggregate.go:84.2,88.13 3 1
github.com/kevin-cantwell/folddb/internal/engine/aggregate.go:88.13,95.3 3 1
github.com/kevin-cantwell/folddb/internal/engine/aggregate.go:98.2,98.33 1 1
github.com/kevin-cantwell/folddb/internal/engine/aggregate.go:98.33,99.23 1 1
github.com/kevin-cantwell/folddb/internal/engine/aggregate.go:99.23,100.12 1 1
github.com/kevin-cantwell/folddb/internal/engine/aggregate.go:102.3,103.17 2 1
github.com/kevin-cantwell/folddb/internal/engine/aggregate.go:103.17,105.4 1 1
github.com/kevin-cantwell/folddb/internal/engine/aggregate.go:105.9,108.18 3 1
github.com/kevin-cantwell/folddb/internal/engine/aggregate.go:108.18,110.5 1 0
github.com/kevin-cantwell/folddb/internal/engine/aggregate.go:113.3,113.20 1 1
github.com/kevin-cantwell/folddb/internal/engine/aggregate.go:113.20,115.4 1 1
github.com/kevin-cantwell/folddb/internal/engine/aggregate.go:115.9,117.4 1 1
github.com/kevin-cantwell/folddb/internal/engine/aggregate.go:121.2,122.33 2 1
github.com/kevin-cantwell/folddb/internal/engine/aggregate.go:122.33,123.57 1 1
github.com/kevin-cantwell/folddb/internal/engine/aggregate.go:123.57,125.4 1 1
github.com/kevin-cantwell/folddb/internal/engine/aggregate.go:128.2,128.17 1 1
github.com/kevin-cantwell/folddb/internal/engine/aggregate.go:128.17,130.34 1 1
github.com/kevin-cantwell/folddb/internal/engine/aggregate.go:130.34,131.23 1 1
github.com/kevin-cantwell/folddb/internal/engine/aggregate.go:131.23,133.5 1 1
github.com/kevin-cantwell/folddb/internal/engine/aggregate.go:135.3,135.9 1 1
github.com/kevin-cantwell/folddb/internal/engine/aggregate.go:139.2,146.36 4 1
github.com/kevin-cantwell/folddb/internal/engine/aggregate.go:146.36,148.17 2 1
github.com/kevin-cantwell/folddb/internal/engine/aggregate.go:148.17,150.4 1 0
github.com/kevin-cantwell/folddb/internal/engine/aggregate.go:150.9,150.35 1 1
github.com/kevin-cantwell/folddb/internal/engine/aggregate.go:150.35,152.4 1 0
github.com/kevin-cantwell/folddb/internal/engine/aggregate.go:152.9,152.51 1 1
github.com/kevin-cantwell/folddb/internal/engine/aggregate.go:152.51,154.4 1 1
github.com/kevin-cantwell/folddb/internal/engine/aggregate.go:154.9,156.4 1 0
github.com/kevin-cantwell/folddb/internal/engine/aggregate.go:160.2,160.19 1 1
github.com/kevin-cantwell/folddb/internal/engine/aggregate.go:160.19,162.34 2 1
github.com/kevin-cantwell/folddb/internal/engine/aggregate.go:162.34,164.4 1 1
github.com/kevin-cantwell/folddb/internal/engine/aggregate.go:165.3,169.4 1 1
github.com/kevin-cantwell/folddb/internal/engine/aggregate.go:172.2,172.15 1 1
github.com/kevin-cantwell/folddb/internal/engine/aggregate.go:172.15,175.33 2 1
github.com/kevin-cantwell/folddb/internal/engine/aggregate.go:175.33,176.19 1 1
github.com/kevin-cantwell/folddb/internal/engine/aggregate.go:176.19,178.10 2 1
github.com/kevin-cantwell/folddb/internal/engine/aggregate.go:181.8,181.23 1 1
github.com/kevin-cantwell/folddb/internal/engine/aggregate.go:181.23,184.34 2 1
github.com/kevin-cantwell/folddb/internal/engine/aggregate.go:184.34,186.4 1 1
github.com/kevin-cantwell/folddb/internal/engine/aggregate.go:187.3,194.4 3 1
github.com/kevin-cantwell/folddb/internal/engine/aggregate.go:195.8,199.3 2 1
github.com/kevin-cantwell/folddb/internal/engine/aggregate.go:202.2,202.33 1 1
github.com/kevin-cantwell/folddb/internal/engine/aggregate.go:202.33,203.22 1 1
github.com/kevin-cantwell/folddb/internal/engine/aggregate.go:203.22,205.4 1 1
github.com/kevin-cantwell/folddb/internal/engine/aggregate.go:211.93,212.26 1 1
github.com/kevin-cantwell/folddb/internal/engine/aggregate.go:213.25,214.30 1 1
github.com/kevin-cantwell/folddb/internal/engine/aggregate.go:214.30,217.35 2 1
github.com/kevin-cantwell/folddb/internal/engine/aggregate.go:217.35,218.51 1 1
github.com/kevin-cantwell/folddb/internal/engine/aggregate.go:218.51,220.40 1 1
github.com/kevin-cantwell/folddb/internal/engine/aggregate.go:220.40,221.49 1 1
github.com/kevin-cantwell/folddb/internal/engine/aggregate.go:221.49,223.8 1 1
github.com/kevin-cantwell/folddb/internal/engine/aggregate.go:225.6,225.62 1 0
github.com/kevin-cantwell/folddb/internal/engine/aggregate.go:225.62,230.7 1 0
github.com/kevin-cantwell/folddb/internal/engine/aggregate.go:234.4,234.95 1 0
github.com/kevin-cantwell/folddb/internal/engine/aggregate.go:237.3,237.25 1 0
github.com/kevin-cantwell/folddb/internal/engine/aggregate.go:239.23,241.17 2 1
github.com/kevin-cantwell/folddb/internal/engine/aggregate.go:241.17,243.4 1 0
github.com/kevin-cantwell/folddb/internal/engine/aggregate.go:244.3,245.17 2 1
github.com/kevin-cantwell/folddb/internal/engine/aggregate.go:245.17,247.4 1 0
github.com/kevin-cantwell/folddb/internal/engine/aggregate.go:249.3,257.43 3 1
github.com/kevin-cantwell/folddb/internal/engine/aggregate.go:259.22,261.17 2 0
github.com/kevin-cantwell/folddb/internal/engine/aggregate.go:261.17,263.4 1 0
github.com/kevin-cantwell/folddb/internal/engine/aggregate.go:264.3,271.43 3 0
github.com/kevin-cantwell/folddb/internal/engine/aggregate.go:273.10,275.25 1 1
github.com/kevin-cantwell/folddb/internal/engine/aggregate.go:281.58,282.33 1 1
github.com/kevin-cantwell/folddb/internal/engine/aggregate.go:282.33,283.62 1 1
github.com/kevin-cantwell/folddb/internal/engine/aggregate.go:283.62,284.71 1 1
github.com/kevin-cantwell/folddb/internal/engine/aggregate.go:284.71,286.5 1 1
github.com/kevin-cantwell/folddb/internal/engine/aggregate.go:289.2,289.14 1 1
github.com/kevin-cantwell/folddb/internal/engine/aggregate.go:293.69,296.33 3 1
github.com/kevin-cantwell/folddb/internal/engine/aggregate.go:296.33,297.22 1 1
github.com/kevin-cantwell/folddb/internal/engine/aggregate.go:297.22,299.4 1 1
github.com/kevin-cantwell/folddb/internal/engine/aggregate.go:299.9,301.34 1 1
github.com/kevin-cantwell/folddb/internal/engine/aggregate.go:301.34,304.5 2 1
github.com/kevin-cantwell/folddb/internal/engine/aggregate.go:307.2,307.13 1 1
github.com/kevin-cantwell/folddb/internal/engine/aggregate.go:311.56,313.33 2 1
github.com/kevin-cantwell/folddb/internal/engine/aggregate.go:313.33,314.23 1 1
github.com/kevin-cantwell/folddb/internal/engine/aggregate.go:314.23,318.12 2 1
github.com/kevin-cantwell/folddb/internal/engine/aggregate.go:320.3,320.52 1 1
github.com/kevin-cantwell/folddb/internal/engine/aggregate.go:322.2,322.13 1 1
github.com/kevin-cantwell/folddb/internal/engine/aggregate.go:326.63,327.35 1 1
github.com/kevin-cantwell/folddb/internal/engine/aggregate.go:328.15,329.13 1 1
github.com/kevin-cantwell/folddb/internal/engine/aggregate.go:329.13,331.4 1 1
github.com/kevin-cantwell/folddb/internal/engine/aggregate.go:332.3,332.29 1 1
github.com/kevin-cantwell/folddb/internal/engine/aggregate.go:333.13,334.27 1 1
github.com/kevin-cantwell/folddb/internal/engine/aggregate.go:335.13,336.27 1 1
github.com/kevin-cantwell/folddb/internal/engine/aggregate.go:337.13,338.27 1 1
github.com/kevin-cantwell/folddb/internal/engine/aggregate.go:339.13,340.27 1 1
github.com/kevin-cantwell/folddb/internal/engine/aggregate.go:341.15,342.29 1 1
github.com/kevin-cantwell/folddb/internal/engine/aggregate.go:343.14,344.28 1 1
github.com/kevin-cantwell/folddb/internal/engine/aggregate.go:345.10,346.33 1 0
github.com/kevin-cantwell/folddb/internal/engine/aggregate.go:351.40,353.25 2 1
github.com/kevin-cantwell/folddb/internal/engine/aggregate.go:353.25,354.17 1 1
github.com/kevin-cantwell/folddb/internal/engine/aggregate.go:354.17,356.4 1 1
github.com/kevin-cantwell/folddb/internal/engine/aggregate.go:356.9,358.4 1 1
github.com/kevin-cantwell/folddb/internal/engine/aggregate.go:360.2,361.21 2 1
github.com/kevin-cantwell/folddb/internal/engine/aggregate.go:367.54,367.55 0 0
github.com/kevin-cantwell/folddb/internal/engine/aggregate.go:368.55,368.56 0 0
github.com/kevin-cantwell/folddb/internal/engine/aggregate.go:369.54,369.76 1 0
github.com/kevin-cantwell/folddb/internal/engine/aggregate.go:370.54,370.70 1 0
github.com/kevin-cantwell/folddb/internal/engine/aggregate.go:371.55,371.56 0 0
github.com/kevin-cantwell/folddb/internal/engine/aggregate.go:372.54,372.70 1 0
github.com/kevin-cantwell/folddb/internal/engine/aggregate.go:373.55,373.56 0 0
github.com/kevin-cantwell/folddb/internal/engine/aggregate.go:374.54,374.73 1 0
github.com/kevin-cantwell/folddb/internal/engine/aggregate.go:375.54,375.68 1 0
github.com/kevin-cantwell/folddb/internal/engine/aggregate.go:379.85,382.30 2 0
github.com/kevin-cantwell/folddb/internal/engine/aggregate.go:382.30,384.18 2 0
github.com/kevin-cantwell/folddb/internal/engine/aggregate.go:384.18,386.4 1 0
github.com/kevin-cantwell/folddb/internal/engine/aggregate.go:387.3,387.18 1 0
github.com/kevin-cantwell/folddb/internal/engine/aggregate.go:387.18,389.4 1 0
github.com/kevin-cantwell/folddb/internal/engine/aggregate.go:391.3,392.41 2 0
github.com/kevin-cantwell/folddb/internal/engine/aggregate.go:392.41,399.25 2 0
github.com/kevin-cantwell/folddb/internal/engine/aggregate.go:399.25,400.48 1 0
github.com/kevin-cantwell/folddb/internal/engine/aggregate.go:400.48,402.6 1 0
github.com/kevin-cantwell/folddb/internal/engine/aggregate.go:402.11,404.6 1 0
github.com/kevin-cantwell/folddb/internal/engine/aggregate.go:405.10,405.32 1 0
github.com/kevin-cantwell/folddb/internal/engine/aggregate.go:405.32,408.5 1 0
github.com/kevin-cantwell/folddb/internal/engine/aggregate.go:409.4,409.31 1 0
github.com/kevin-cantwell/folddb/internal/engine/aggregate.go:410.9,416.4 1 0
github.com/kevin-cantwell/folddb/internal/engine/aggregate.go:419.2,419.20 1 0
github.com/kevin-cantwell/folddb/internal/engine/aggregate.go:423.40,424.31 1 1
github.com/kevin-cantwell/folddb/internal/engine/aggregate.go:426.40,427.14 1 1
github.com/kevin-cantwell/folddb/internal/engine/aggregate.go:429.2,429.14 1 1
github.com/kevin-cantwell/folddb/internal/engine/checkpoint.go:29.108,32.20 2 1
github.com/kevin-cantwell/folddb/internal/engine/checkpoint.go:32.20,34.17 2 0
github.com/kevin-cantwell/folddb/internal/engine/checkpoint.go:34.17,36.4 1 0
github.com/kevin-cantwell/folddb/internal/engine/checkpoint.go:37.3,37.59 1 0
github.com/kevin-cantwell/folddb/internal/engine/checkpoint.go:40.2,40.52 1 1
github.com/kevin-cantwell/folddb/internal/engine/checkpoint.go:40.52,42.3 1 0
github.com/kevin-cantwell/folddb/internal/engine/checkpoint.go:44.2,44.19 1 1
github.com/kevin-cantwell/folddb/internal/engine/checkpoint.go:44.19,46.3 1 0
github.com/kevin-cantwell/folddb/internal/engine/checkpoint.go:48.2,52.8 1 1
github.com/kevin-cantwell/folddb/internal/engine/checkpoint.go:56.42,59.2 2 1
github.com/kevin-cantwell/folddb/internal/engine/checkpoint.go:62.63,67.16 4 1
github.com/kevin-cantwell/folddb/internal/engine/checkpoint.go:67.16,69.3 1 0
github.com/kevin-cantwell/folddb/internal/engine/checkpoint.go:71.2,75.16 4 1
github.com/kevin-cantwell/folddb/internal/engine/checkpoint.go:75.16,77.3 1 0
github.com/kevin-cantwell/folddb/internal/engine/checkpoint.go:79.2,79.38 1 1
github.com/kevin-cantwell/folddb/internal/engine/checkpoint.go:79.38,83.3 3 0
github.com/kevin-cantwell/folddb/internal/engine/checkpoint.go:85.2,85.33 1 1
github.com/kevin-cantwell/folddb/internal/engine/checkpoint.go:85.33,89.3 3 0
github.com/kevin-cantwell/folddb/internal/engine/checkpoint.go:90.2,92.59 2 1
github.com/kevin-cantwell/folddb/internal/engine/checkpoint.go:92.59,95.3 2 0
github.com/kevin-cantwell/folddb/internal/engine/checkpoint.go:97.2,98.12 2 1
github.com/kevin-cantwell/folddb/internal/engine/checkpoint.go:102.62,106.16 3 1
github.com/kevin-cantwell/folddb/internal/engine/checkpoint.go:106.16,107.25 1 1
github.com/kevin-cantwell/folddb/internal/engine/checkpoint.go:107.25,109.4 1 1
github.com/kevin-cantwell/folddb/internal/engine/checkpoint.go:110.3,110.59 1 0
github.com/kevin-cantwell/folddb/internal/engine/checkpoint.go:113.2,114.49 2 1
github.com/kevin-cantwell/folddb/internal/engine/checkpoint.go:114.49,116.3 1 1
github.com/kevin-cantwell/folddb/internal/engine/checkpoint.go:118.2,118.36 1 1
github.com/kevin-cantwell/folddb/internal/engine/checkpoint.go:118.36,120.3 1 1
github.com/kevin-cantwell/folddb/internal/engine/checkpoint.go:122.2,122.19 1 1
github.com/kevin-cantwell/folddb/internal/engine/checkpoint.go:126.49,128.2 1 1
github.com/kevin-cantwell/folddb/internal/engine/checkpoint.go:131.44,134.39 3 1
github.com/kevin-cantwell/folddb/internal/engine/checkpoint.go:134.39,136.3 1 0
github.com/kevin-cantwell/folddb/internal/engine/checkpoint.go:137.2,137.12 1 1
github.com/kevin-cantwell/folddb/internal/engine/checkpoint.go:141.48,143.2 1 1
github.com/kevin-cantwell/folddb/internal/engine/checkpoint.go:146.50,148.16 2 0
github.com/kevin-cantwell/folddb/internal/engine/checkpoint.go:148.16,150.3 1 0
github.com/kevin-cantwell/folddb/internal/engine/checkpoint.go:152.2,154.16 3 0
github.com/kevin-cantwell/folddb/internal/engine/checkpoint.go:154.16,155.25 1 0
github.com/kevin-cantwell/folddb/internal/engine/checkpoint.go:155.25,157.4 1 0
github.com/kevin-cantwell/folddb/internal/engine/checkpoint.go:158.3,158.18 1 0
github.com/kevin-cantwell/folddb/internal/engine/checkpoint.go:161.2,162.32 2 0
github.com/kevin-cantwell/folddb/internal/engine/checkpoint.go:162.32,163.21 1 0
github.com/kevin-cantwell/folddb/internal/engine/checkpoint.go:163.21,164.12 1 0
github.com/kevin-cantwell/folddb/internal/engine/checkpoint.go:166.3,168.17 3 0
github.com/kevin-cantwell/folddb/internal/engine/checkpoint.go:168.17,169.12 1 0
github.com/kevin-cantwell/folddb/internal/engine/checkpoint.go:171.3,172.50 2 0
github.com/kevin-cantwell/folddb/internal/engine/checkpoint.go:172.50,173.12 1 0
github.com/kevin-cantwell/folddb/internal/engine/checkpoint.go:175.3,179.5 1 0
github.com/kevin-cantwell/folddb/internal/engine/checkpoint.go:182.2,182.21 1 0
github.com/kevin-cantwell/folddb/internal/engine/checkpoint.go:186.41,188.16 2 0
github.com/kevin-cantwell/folddb/internal/engine/checkpoint.go:188.16,190.3 1 0
github.com/kevin-cantwell/folddb/internal/engine/checkpoint.go:191.2,192.26 2 0
github.com/kevin-cantwell/folddb/internal/engine/dedup.go:31.88,32.19 1 1
github.com/kevin-cantwell/folddb/internal/engine/dedup.go:32.19,34.3 1 1
github.com/kevin-cantwell/folddb/internal/engine/dedup.go:35.2,41.3 1 1
github.com/kevin-cantwell/folddb/internal/engine/dedup.go:46.52,48.18 1 1
github.com/kevin-cantwell/folddb/internal/engine/dedup.go:48.18,50.3 1 1
github.com/kevin-cantwell/folddb/internal/engine/dedup.go:53.2,54.16 2 1
github.com/kevin-cantwell/folddb/internal/engine/dedup.go:54.16,57.3 1 0
github.com/kevin-cantwell/folddb/internal/engine/dedup.go:60.2,61.18 2 1
github.com/kevin-cantwell/folddb/internal/engine/dedup.go:61.18,63.3 1 1
github.com/kevin-cantwell/folddb/internal/engine/dedup.go:63.8,65.3 1 1
github.com/kevin-cantwell/folddb/internal/engine/dedup.go:67.2,73.38 4 1
github.com/kevin-cantwell/folddb/internal/engine/dedup.go:73.38,75.60 2 1
github.com/kevin-cantwell/folddb/internal/engine/dedup.go:75.60,80.4 3 1
github.com/kevin-cantwell/folddb/internal/engine/dedup.go:82.3,83.27 2 1
github.com/kevin-cantwell/folddb/internal/engine/dedup.go:87.2,92.35 4 1
github.com/kevin-cantwell/folddb/internal/engine/dedup.go:92.35,94.20 2 1
github.com/kevin-cantwell/folddb/internal/engine/dedup.go:94.20,95.9 1 0
github.com/kevin-cantwell/folddb/internal/engine/dedup.go:97.3,99.33 3 1
github.com/kevin-cantwell/folddb/internal/engine/dedup.go:102.2,102.14 1 1
github.com/kevin-cantwell/folddb/internal/engine/eval.go:12.53,13.26 1 1
github.com/kevin-cantwell/folddb/internal/engine/eval.go:14.22,15.30 1 1
github.com/kevin-cantwell/folddb/internal/engine/eval.go:17.26,18.24 1 1
github.com/kevin-cantwell/folddb/internal/engine/eval.go:20.26,21.36 1 1
github.com/kevin-cantwell/folddb/internal/engine/eval.go:23.24,24.36 1 0
github.com/kevin-cantwell/folddb/internal/engine/eval.go:26.24,27.26 1 1
github.com/kevin-cantwell/folddb/internal/engine/eval.go:29.21,32.33 2 0
github.com/kevin-cantwell/folddb/internal/engine/eval.go:32.33,34.4 1 0
github.com/kevin-cantwell/folddb/internal/engine/eval.go:35.3,35.30 1 0
github.com/kevin-cantwell/folddb/internal/engine/eval.go:37.22,38.27 1 1
github.com/kevin-cantwell/folddb/internal/engine/eval.go:40.23,41.28 1 1
github.com/kevin-cantwell/folddb/internal/engine/eval.go:43.27,44.32 1 1
github.com/kevin-cantwell/folddb/internal/engine/eval.go:46.21,48.17 2 0
github.com/kevin-cantwell/folddb/internal/engine/eval.go:48.17,50.4 1 0
github.com/kevin-cantwell/folddb/internal/engine/eval.go:51.3,51.36 1 0
github.com/kevin-cantwell/folddb/internal/engine/eval.go:53.25,54.30 1 1
github.com/kevin-cantwell/folddb/internal/engine/eval.go:56.24,57.29 1 1
github.com/kevin-cantwell/folddb/internal/engine/eval.go:59.19,60.24 1 1
github.com/kevin-cantwell/folddb/internal/engine/eval.go:62.19,63.24 1 1
github.com/kevin-cantwell/folddb/internal/engine/eval.go:65.21,66.26 1 1
github.com/kevin-cantwell/folddb/internal/engine/eval.go:68.28,69.36 1 0
github.com/kevin-cantwell/folddb/internal/engine/eval.go:71.10,72.66 1 0
github.com/kevin-cantwell/folddb/internal/engine/eval.go:76.55,77.15 1 1
github.com/kevin-cantwell/folddb/internal/engine/eval.go:77.15,82.17 5 1
github.com/kevin-cantwell/folddb/internal/engine/eval.go:82.17,84.4 1 0
github.com/kevin-cantwell/folddb/internal/engine/eval.go:85.3,85.31 1 1
github.com/kevin-cantwell/folddb/internal/engine/eval.go:87.2,89.16 3 1
github.com/kevin-cantwell/folddb/internal/engine/eval.go:89.16,91.3 1 0
github.com/kevin-cantwell/folddb/internal/engine/eval.go:92.2,92.28 1 1
github.com/kevin-cantwell/folddb/internal/engine/eval.go:95.61,97.16 2 1
github.com/kevin-cantwell/folddb/internal/engine/eval.go:97.16,99.3 1 0
github.com/kevin-cantwell/folddb/internal/engine/eval.go:101.2,101.14 1 1
github.com/kevin-cantwell/folddb/internal/engine/eval.go:102.11,103.19 1 1
github.com/kevin-cantwell/folddb/internal/engine/eval.go:103.19,105.4 1 1
github.com/kevin-cantwell/folddb/internal/engine/eval.go:106.3,106.26 1 1
github.com/kevin-cantwell/folddb/internal/engine/eval.go:107.17,108.33 1 1
github.com/kevin-cantwell/folddb/internal/engine/eval.go:109.19,110.35 1 0
github.com/kevin-cantwell/folddb/internal/engine/eval.go:111.11,112.58 1 0
github.com/kevin-cantwell/folddb/internal/engine/eval.go:115.11,116.18 1 0
github.com/kevin-cantwell/folddb/internal/engine/eval.go:118.13,119.19 1 1
github.com/kevin-cantwell/folddb/internal/engine/eval.go:119.19,121.4 1 1
github.com/kevin-cantwell/folddb/internal/engine/eval.go:122.3,123.10 2 1
github.com/kevin-cantwell/folddb/internal/engine/eval.go:123.10,125.4 1 0
github.com/kevin-cantwell/folddb/internal/engine/eval.go:126.3,126.33 1 1
github.com/kevin-cantwell/folddb/internal/engine/eval.go:128.10,129.61 1 0
github.com/kevin-cantwell/folddb/internal/engine/eval.go:133.63,135.16 2 1
github.com/kevin-cantwell/folddb/internal/engine/eval.go:135.16,137.3 1 0
github.com/kevin-cantwell/folddb/internal/engine/eval.go:138.2,139.16 2 1
github.com/kevin-cantwell/folddb/internal/engine/eval.go:139.16,141.3 1 0
github.com/kevin-cantwell/folddb/internal/engine/eval.go:144.2,144.14 1 1
github.com/kevin-cantwell/folddb/internal/engine/eval.go:145.13,146.30 1 1
github.com/kevin-cantwell/folddb/internal/engine/eval.go:147.12,148.29 1 1
github.com/kevin-cantwell/folddb/internal/engine/eval.go:152.2,152.37 1 1
github.com/kevin-cantwell/folddb/internal/engine/eval.go:152.37,154.3 1 1
github.com/kevin-cantwell/folddb/internal/engine/eval.go:156.2,156.14 1 1
github.com/kevin-cantwell/folddb/internal/engine/eval.go:157.31,158.43 1 1
github.com/kevin-cantwell/folddb/internal/engine/eval.go:159.39,160.43 1 1
github.com/kevin-cantwell/folddb/internal/engine/eval.go:161.12,162.33 1 1
github.com/kevin-cantwell/folddb/internal/engine/eval.go:163.14,164.38 1 1
github.com/kevin-cantwell/folddb/internal/engine/eval.go:165.15,166.37 1 1
github.com/kevin-cantwell/folddb/internal/engine/eval.go:167.10,168.62 1 0
github.com/kevin-cantwell/folddb/internal/engine/eval.go:172.48,177.23 3 1
github.com/kevin-cantwell/folddb/internal/engine/eval.go:177.23,179.3 1 1
github.com/kevin-cantwell/folddb/internal/engine/eval.go:180.2,180.23 1 1
github.com/kevin-cantwell/folddb/internal/engine/eval.go:180.23,182.3 1 1
github.com/kevin-cantwell/folddb/internal/engine/eval.go:184.2,184.42 1 1
github.com/kevin-cantwell/folddb/internal/engine/eval.go:184.42,186.3 1 1
github.com/kevin-cantwell/folddb/internal/engine/eval.go:188.2,188.25 1 1
github.com/kevin-cantwell/folddb/internal/engine/eval.go:191.47,196.22 3 1
github.com/kevin-cantwell/folddb/internal/engine/eval.go:196.22,198.3 1 1
github.com/kevin-cantwell/folddb/internal/engine/eval.go:199.2,199.22 1 1
github.com/kevin-cantwell/folddb/internal/engine/eval.go:199.22,201.3 1 1
github.com/kevin-cantwell/folddb/internal/engine/eval.go:203.2,203.44 1 1
github.com/kevin-cantwell/folddb/internal/engine/eval.go:203.44,205.3 1 1
github.com/kevin-cantwell/folddb/internal/engine/eval.go:207.2,207.25 1 1
github.com/kevin-cantwell/folddb/internal/engine/eval.go:210.28,211.16 1 1
github.com/kevin-cantwell/folddb/internal/engine/eval.go:211.16,213.3 1 1
github.com/kevin-cantwell/folddb/internal/engine/eval.go:214.2,214.32 1 1
github.com/kevin-cantwell/folddb/internal/engine/eval.go:214.32,217.3 2 1
github.com/kevin-cantwell/folddb/internal/engine/eval.go:218.2,218.12 1 0
github.com/kevin-cantwell/folddb/internal/engine/eval.go:221.66,225.18 3 1
github.com/kevin-cantwell/folddb/internal/engine/eval.go:225.18,227.3 1 0
github.com/kevin-cantwell/folddb/internal/engine/eval.go:229.2,233.12 4 1
github.com/kevin-cantwell/folddb/internal/engine/eval.go:234.11,235.15 1 1
github.com/kevin-cantwell/folddb/internal/engine/eval.go:235.15,237.4 1 1
github.com/kevin-cantwell/folddb/internal/engine/eval.go:238.3,238.49 1 1
github.com/kevin-cantwell/folddb/internal/engine/eval.go:239.11,240.15 1 1
github.com/kevin-cantwell/folddb/internal/engine/eval.go:240.15,242.4 1 0
github.com/kevin-cantwell/folddb/internal/engine/eval.go:243.3,243.49 1 1
github.com/kevin-cantwell/folddb/internal/engine/eval.go:244.11,245.15 1 1
github.com/kevin-cantwell/folddb/internal/engine/eval.go:245.15,247.4 1 0
github.com/kevin-cantwell/folddb/internal/engine/eval.go:248.3,248.49 1 1
github.com/kevin-cantwell/folddb/internal/engine/eval.go:249.11,250.14 1 1
github.com/kevin-cantwell/folddb/internal/engine/eval.go:250.14,251.16 1 1
github.com/kevin-cantwell/folddb/internal/engine/eval.go:251.16,252.16 1 1
github.com/kevin-cantwell/folddb/internal/engine/eval.go:252.16,254.6 1 1
github.com/kevin-cantwell/folddb/internal/engine/eval.go:255.5,255.15 1 1
github.com/kevin-cantwell/folddb/internal/engine/eval.go:255.15,257.6 1 1
github.com/kevin-cantwell/folddb/internal/engine/eval.go:258.5,258.44 1 1
github.com/kevin-cantwell/folddb/internal/engine/eval.go:261.4,261.27 1 1
github.com/kevin-cantwell/folddb/internal/engine/eval.go:263.3,263.15 1 1
github.com/kevin-cantwell/folddb/internal/engine/eval.go:263.15,265.4 1 1
github.com/kevin-cantwell/folddb/internal/engine/eval.go:266.3,266.49 1 1
github.com/kevin-cantwell/folddb/internal/engine/eval.go:267.11,268.14 1 1
github.com/kevin-cantwell/folddb/internal/engine/eval.go:268.14,270.4 1 1
github.com/kevin-cantwell/folddb/internal/engine/eval.go:271.3,271.15 1 1
github.com/kevin-cantwell/folddb/internal/engine/eval.go:271.15,273.4 1 0
github.com/kevin-cantwell/folddb/internal/engine/eval.go:274.3,274.49 1 1
github.com/kevin-cantwell/folddb/internal/engine/eval.go:275.10,276.64 1 0
github.com/kevin-cantwell/folddb/internal/engine/eval.go:280.39,281.25 1 1
github.com/kevin-cantwell/folddb/internal/engine/eval.go:282.16,283.30 1 1
github.com/kevin-cantwell/folddb/internal/engine/eval.go:284.18,285.21 1 1
github.com/kevin-cantwell/folddb/internal/engine/eval.go:286.10,287.18 1 0
github.com/kevin-cantwell/folddb/internal/engine/eval.go:291.66,293.16 2 1
github.com/kevin-cantwell/folddb/internal/engine/eval.go:293.16,295.3 1 0
github.com/kevin-cantwell/folddb/internal/engine/eval.go:297.2,297.12 1 1
github.com/kevin-cantwell/folddb/internal/engine/eval.go:298.11,299.37 1 1
github.com/kevin-cantwell/folddb/internal/engine/eval.go:300.12,301.37 1 1
github.com/kevin-cantwell/folddb/internal/engine/eval.go:302.11,303.36 1 1
github.com/kevin-cantwell/folddb/internal/engine/eval.go:304.11,305.36 1 1
github.com/kevin-cantwell/folddb/internal/engine/eval.go:306.12,307.37 1 1
github.com/kevin-cantwell/folddb/internal/engine/eval.go:308.12,309.37 1 1
github.com/kevin-cantwell/folddb/internal/engine/eval.go:310.10,311.64 1 0
github.com/kevin-cantwell/folddb/internal/engine/eval.go:316.52,318.26 1 1
github.com/kevin-cantwell/folddb/internal/engine/eval.go:319.16,320.28 1 1
github.com/kevin-cantwell/folddb/internal/engine/eval.go:321.17,322.32 1 1
github.com/kevin-cantwell/folddb/internal/engine/eval.go:323.19,324.43 1 1
github.com/kevin-cantwell/folddb/internal/engine/eval.go:326.18,327.28 1 1
github.com/kevin-cantwell/folddb/internal/engine/eval.go:328.19,329.34 1 1
github.com/kevin-cantwell/folddb/internal/engine/eval.go:330.17,331.43 1 0
github.com/kevin-cantwell/folddb/internal/engine/eval.go:333.17,334.37 1 1
github.com/kevin-cantwell/folddb/internal/engine/eval.go:334.37,336.4 1 1
github.com/kevin-cantwell/folddb/internal/engine/eval.go:337.17,338.37 1 1
github.com/kevin-cantwell/folddb/internal/engine/eval.go:338.37,340.4 1 1
github.com/kevin-cantwell/folddb/internal/engine/eval.go:341.22,342.42 1 0
github.com/kevin-cantwell/folddb/internal/engine/eval.go:342.42,343.23 1 0
github.com/kevin-cantwell/folddb/internal/engine/eval.go:343.23,345.5 1 0
github.com/kevin-cantwell/folddb/internal/engine/eval.go:346.4,346.22 1 0
github.com/kevin-cantwell/folddb/internal/engine/eval.go:346.22,348.5 1 0
github.com/kevin-cantwell/folddb/internal/engine/eval.go:349.4,349.17 1 0
github.com/kevin-cantwell/folddb/internal/engine/eval.go:353.2,353.77 1 0
github.com/kevin-cantwell/folddb/internal/engine/eval.go:356.29,357.11 1 1
github.com/kevin-cantwell/folddb/internal/engine/eval.go:357.11,359.3 1 1
github.com/kevin-cantwell/folddb/internal/engine/eval.go:360.2,360.11 1 1
github.com/kevin-cantwell/folddb/internal/engine/eval.go:360.11,362.3 1 1
github.com/kevin-cantwell/folddb/internal/engine/eval.go:363.2,363.10 1 1
github.com/kevin-cantwell/folddb/internal/engine/eval.go:366.33,367.11 1 1
[...]
github.com/kevin-cantwell/folddb/internal/sql/parser/parser.go:923.3,923.45 1 1
github.com/kevin-cantwell/folddb/internal/sql/parser/parser.go:923.45,926.4 2 0
github.com/kevin-cantwell/folddb/internal/sql/parser/parser.go:928.3,929.17 2 1
github.com/kevin-cantwell/folddb/internal/sql/parser/parser.go:929.17,931.4 1 0
github.com/kevin-cantwell/folddb/internal/sql/parser/parser.go:932.3,932.53 1 1
github.com/kevin-cantwell/folddb/internal/sql/parser/parser.go:932.53,934.4 1 0
github.com/kevin-cantwell/folddb/internal/sql/parser/parser.go:935.3,935.80 1 1
github.com/kevin-cantwell/folddb/internal/sql/parser/parser.go:939.2,939.40 1 1
github.com/kevin-cantwell/folddb/internal/sql/parser/parser.go:942.51,944.20 2 1
github.com/kevin-cantwell/folddb/internal/sql/parser/parser.go:944.20,946.3 1 1
github.com/kevin-cantwell/folddb/internal/sql/parser/parser.go:947.2,947.12 1 1
github.com/kevin-cantwell/folddb/internal/sql/parser/parser.go:950.76,958.42 6 1
github.com/kevin-cantwell/folddb/internal/sql/parser/parser.go:958.42,961.14 3 1
github.com/kevin-cantwell/folddb/internal/sql/parser/parser.go:961.14,963.4 1 0
github.com/kevin-cantwell/folddb/internal/sql/parser/parser.go:964.3,965.53 2 1
github.com/kevin-cantwell/folddb/internal/sql/parser/parser.go:969.2,970.22 2 1
github.com/kevin-cantwell/folddb/internal/sql/parser/parser.go:970.22,972.3 1 0
github.com/kevin-cantwell/folddb/internal/sql/parser/parser.go:974.2,974.54 1 1
github.com/kevin-cantwell/folddb/internal/sql/parser/parser.go:978.41,979.68 1 1
github.com/kevin-cantwell/folddb/internal/sql/parser/parser.go:979.68,1008.38 3 1
github.com/kevin-cantwell/folddb/internal/sql/parser/parser.go:1008.38,1010.4 1 0
github.com/kevin-cantwell/folddb/internal/sql/parser/parser.go:1012.2,1012.11 1 1
github.com/kevin-cantwell/folddb/internal/sql/parser/parser.go:1015.47,1016.12 1 1
github.com/kevin-cantwell/folddb/internal/sql/parser/parser.go:1020.21,1021.14 1 0
github.com/kevin-cantwell/folddb/internal/sql/parser/parser.go:1023.2,1023.14 1 1
github.com/kevin-cantwell/folddb/internal/sql/parser/parser.go:1026.49,1027.12 1 1
github.com/kevin-cantwell/folddb/internal/sql/parser/parser.go:1035.59,1036.14 1 1
github.com/kevin-cantwell/folddb/internal/sql/parser/parser.go:1038.2,1038.14 1 0
github.com/kevin-cantwell/folddb/internal/sql/parser/parser.go:1041.47,1042.12 1 1
github.com/kevin-cantwell/folddb/internal/sql/parser/parser.go:1043.22,1044.15 1 0
github.com/kevin-cantwell/folddb/internal/sql/parser/parser.go:1045.25,1046.15 1 0
github.com/kevin-cantwell/folddb/internal/sql/parser/parser.go:1047.25,1048.15 1 1
github.com/kevin-cantwell/folddb/internal/sql/parser/parser.go:1049.24,1050.15 1 0
github.com/kevin-cantwell/folddb/internal/sql/parser/parser.go:1051.21,1052.16 1 0
github.com/kevin-cantwell/folddb/internal/sql/parser/parser.go:1053.21,1054.16 1 0
github.com/kevin-cantwell/folddb/internal/sql/parser/parser.go:1055.22,1056.17 1 0
github.com/kevin-cantwell/folddb/internal/sql/parser/parser.go:1057.23,1058.18 1 0
github.com/kevin-cantwell/folddb/internal/sql/parser/parser.go:1059.23,1060.18 1 0
github.com/kevin-cantwell/folddb/internal/sql/parser/parser.go:1061.23,1062.18 1 0
github.com/kevin-cantwell/folddb/internal/sql/parser/parser.go:1063.22,1064.17 1 0
github.com/kevin-cantwell/folddb/internal/sql/parser/parser.go:1065.25,1066.20 1 1
github.com/kevin-cantwell/folddb/internal/sql/parser/parser.go:1067.10,1068.38 1 0
github.com/kevin-cantwell/folddb/internal/sql/lexer/lexer.go:207.29,209.2 1 0
github.com/kevin-cantwell/folddb/internal/sql/lexer/lexer.go:212.32,213.24 1 0
github.com/kevin-cantwell/folddb/internal/sql/lexer/lexer.go:213.24,215.3 1 0
github.com/kevin-cantwell/folddb/internal/sql/lexer/lexer.go:216.2,216.18 1 0
github.com/kevin-cantwell/folddb/internal/sql/lexer/lexer.go:230.31,238.2 3 1
github.com/kevin-cantwell/folddb/internal/sql/lexer/lexer.go:241.30,242.32 1 1
github.com/kevin-cantwell/folddb/internal/sql/lexer/lexer.go:242.32,244.3 1 0
github.com/kevin-cantwell/folddb/internal/sql/lexer/lexer.go:245.2,247.10 3 1
github.com/kevin-cantwell/folddb/internal/sql/lexer/lexer.go:251.30,252.32 1 1
github.com/kevin-cantwell/folddb/internal/sql/lexer/lexer.go:252.32,254.3 1 0
github.com/kevin-cantwell/folddb/internal/sql/lexer/lexer.go:255.2,255.28 1 1
github.com/kevin-cantwell/folddb/internal/sql/lexer/lexer.go:259.26,260.19 1 1
github.com/kevin-cantwell/folddb/internal/sql/lexer/lexer.go:260.19,262.3 1 1
github.com/kevin-cantwell/folddb/internal/sql/lexer/lexer.go:265.28,266.6 1 1
github.com/kevin-cantwell/folddb/internal/sql/lexer/lexer.go:266.6,268.28 2 1
github.com/kevin-cantwell/folddb/internal/sql/lexer/lexer.go:268.28,271.4 2 1
github.com/kevin-cantwell/folddb/internal/sql/lexer/lexer.go:273.3,276.10 3 1
github.com/kevin-cantwell/folddb/internal/sql/lexer/lexer.go:277.40,280.12 2 1
github.com/kevin-cantwell/folddb/internal/sql/lexer/lexer.go:282.19,283.66 1 1
github.com/kevin-cantwell/folddb/internal/sql/lexer/lexer.go:285.20,286.66 1 1
github.com/kevin-cantwell/folddb/internal/sql/lexer/lexer.go:288.25,289.74 1 1
github.com/kevin-cantwell/folddb/internal/sql/lexer/lexer.go:291.18,293.103 2 1
github.com/kevin-cantwell/folddb/internal/sql/lexer/lexer.go:294.18,296.103 2 1
github.com/kevin-cantwell/folddb/internal/sql/lexer/lexer.go:297.18,299.102 2 1
github.com/kevin-cantwell/folddb/internal/sql/lexer/lexer.go:300.18,302.100 2 1
github.com/kevin-cantwell/folddb/internal/sql/lexer/lexer.go:303.18,305.101 2 1
github.com/kevin-cantwell/folddb/internal/sql/lexer/lexer.go:306.18,308.101 2 1
github.com/kevin-cantwell/folddb/internal/sql/lexer/lexer.go:309.18,311.102 2 1
github.com/kevin-cantwell/folddb/internal/sql/lexer/lexer.go:312.18,314.104 2 1
github.com/kevin-cantwell/folddb/internal/sql/lexer/lexer.go:315.18,317.99 2 1
github.com/kevin-cantwell/folddb/internal/sql/lexer/lexer.go:319.18,321.27 2 1
github.com/kevin-cantwell/folddb/internal/sql/lexer/lexer.go:321.27,324.5 2 1
github.com/kevin-cantwell/folddb/internal/sql/lexer/lexer.go:324.10,326.5 1 1
github.com/kevin-cantwell/folddb/internal/sql/lexer/lexer.go:328.18,330.27 2 1
github.com/kevin-cantwell/folddb/internal/sql/lexer/lexer.go:330.27,333.5 2 1
github.com/kevin-cantwell/folddb/internal/sql/lexer/lexer.go:333.10,333.34 1 1
github.com/kevin-cantwell/folddb/internal/sql/lexer/lexer.go:333.34,336.5 2 1
github.com/kevin-cantwell/folddb/internal/sql/lexer/lexer.go:336.10,338.5 1 1
github.com/kevin-cantwell/folddb/internal/sql/lexer/lexer.go:340.18,342.27 2 1
github.com/kevin-cantwell/folddb/internal/sql/lexer/lexer.go:342.27,345.5 2 1
github.com/kevin-cantwell/folddb/internal/sql/lexer/lexer.go:345.10,347.5 1 1
github.com/kevin-cantwell/folddb/internal/sql/lexer/lexer.go:349.18,351.27 2 1
github.com/kevin-cantwell/folddb/internal/sql/lexer/lexer.go:351.27,354.5 2 1
github.com/kevin-cantwell/folddb/internal/sql/lexer/lexer.go:354.10,356.5 1 1
github.com/kevin-cantwell/folddb/internal/sql/lexer/lexer.go:358.18,360.27 2 1
github.com/kevin-cantwell/folddb/internal/sql/lexer/lexer.go:360.27,363.5 2 1
github.com/kevin-cantwell/folddb/internal/sql/lexer/lexer.go:363.10,365.5 1 1
github.com/kevin-cantwell/folddb/internal/sql/lexer/lexer.go:367.18,369.27 2 1
github.com/kevin-cantwell/folddb/internal/sql/lexer/lexer.go:369.27,371.28 2 1
github.com/kevin-cantwell/folddb/internal/sql/lexer/lexer.go:371.28,374.6 2 1
github.com/kevin-cantwell/folddb/internal/sql/lexer/lexer.go:374.11,376.6 1 1
github.com/kevin-cantwell/folddb/internal/sql/lexer/lexer.go:377.10,379.5 1 1
github.com/kevin-cantwell/folddb/internal/sql/lexer/lexer.go:381.11,383.111 2 1
github.com/kevin-cantwell/folddb/internal/sql/lexer/lexer.go:388.33,389.27 1 1
github.com/kevin-cantwell/folddb/internal/sql/lexer/lexer.go:389.27,391.3 1 1
github.com/kevin-cantwell/folddb/internal/sql/lexer/lexer.go:392.2,393.10 2 1
github.com/kevin-cantwell/folddb/internal/sql/lexer/lexer.go:396.41,398.23 2 1
github.com/kevin-cantwell/folddb/internal/sql/lexer/lexer.go:398.23,400.3 1 1
github.com/kevin-cantwell/folddb/internal/sql/lexer/lexer.go:401.2,402.10 2 1
github.com/kevin-cantwell/folddb/internal/sql/lexer/lexer.go:405.32,406.27 1 1
github.com/kevin-cantwell/folddb/internal/sql/lexer/lexer.go:406.27,408.3 1 0
github.com/kevin-cantwell/folddb/internal/sql/lexer/lexer.go:409.2,411.15 3 1
github.com/kevin-cantwell/folddb/internal/sql/lexer/lexer.go:411.15,414.3 2 1
github.com/kevin-cantwell/folddb/internal/sql/lexer/lexer.go:414.8,416.3 1 1
github.com/kevin-cantwell/folddb/internal/sql/lexer/lexer.go:417.2,417.10 1 1
github.com/kevin-cantwell/folddb/internal/sql/lexer/lexer.go:420.34,421.27 1 1
github.com/kevin-cantwell/folddb/internal/sql/lexer/lexer.go:421.27,423.58 2 1
github.com/kevin-cantwell/folddb/internal/sql/lexer/lexer.go:423.58,425.4 1 1
github.com/kevin-cantwell/folddb/internal/sql/lexer/lexer.go:425.9,426.9 1 1
github.com/kevin-cantwell/folddb/internal/sql/lexer/lexer.go:431.35,435.51 3 1
github.com/kevin-cantwell/folddb/internal/sql/lexer/lexer.go:435.51,437.3 1 1
github.com/kevin-cantwell/folddb/internal/sql/lexer/lexer.go:440.49,443.6 3 1
github.com/kevin-cantwell/folddb/internal/sql/lexer/lexer.go:443.6,444.28 1 1
github.com/kevin-cantwell/folddb/internal/sql/lexer/lexer.go:444.28,446.4 1 1
github.com/kevin-cantwell/folddb/internal/sql/lexer/lexer.go:447.3,448.17 2 1
github.com/kevin-cantwell/folddb/internal/sql/lexer/lexer.go:448.17,449.28 1 1
github.com/kevin-cantwell/folddb/internal/sql/lexer/lexer.go:449.28,453.5 2 1
github.com/kevin-cantwell/folddb/internal/sql/lexer/lexer.go:453.10,454.10 1 1
github.com/kevin-cantwell/folddb/internal/sql/lexer/lexer.go:456.9,458.4 1 1
github.com/kevin-cantwell/folddb/internal/sql/lexer/lexer.go:460.2,460.77 1 1
github.com/kevin-cantwell/folddb/internal/sql/lexer/lexer.go:463.49,466.77 3 1
github.com/kevin-cantwell/folddb/internal/sql/lexer/lexer.go:466.77,467.26 1 1
github.com/kevin-cantwell/folddb/internal/sql/lexer/lexer.go:467.26,468.15 1 1
github.com/kevin-cantwell/folddb/internal/sql/lexer/lexer.go:468.15,469.10 1 0
github.com/kevin-cantwell/folddb/internal/sql/lexer/lexer.go:471.4,471.18 1 1
github.com/kevin-cantwell/folddb/internal/sql/lexer/lexer.go:473.3,473.14 1 1
github.com/kevin-cantwell/folddb/internal/sql/lexer/lexer.go:475.2,476.13 2 1
github.com/kevin-cantwell/folddb/internal/sql/lexer/lexer.go:476.13,478.3 1 1
github.com/kevin-cantwell/folddb/internal/sql/lexer/lexer.go:479.2,479.74 1 1
github.com/kevin-cantwell/folddb/internal/sql/lexer/lexer.go:482.57,484.56 2 1
github.com/kevin-cantwell/folddb/internal/sql/lexer/lexer.go:484.56,486.3 1 1
github.com/kevin-cantwell/folddb/internal/sql/lexer/lexer.go:487.2,491.35 3 1
github.com/kevin-cantwell/folddb/internal/sql/lexer/lexer.go:491.35,493.3 1 1
github.com/kevin-cantwell/folddb/internal/sql/lexer/lexer.go:494.2,494.72 1 1
github.com/kevin-cantwell/folddb/internal/sql/lexer/lexer.go:497.28,499.2 1 1
github.com/kevin-cantwell/folddb/internal/sql/lexer/lexer.go:501.33,503.2 1 1
github.com/kevin-cantwell/folddb/internal/sql/lexer/lexer.go:505.32,507.2 1 1
github.com/kevin-cantwell/folddb/internal/sql/lexer/lexer.go:510.32,512.2 1 0
github.com/kevin-cantwell/folddb/internal/sql/lexer/lexer.go:516.35,518.2 1 0
github.com/kevin-cantwell/folddb/internal/source/kafka.go:42.61,49.2 2 0
github.com/kevin-cantwell/folddb/internal/source/kafka.go:53.43,55.12 2 0
github.com/kevin-cantwell/folddb/internal/source/kafka.go:55.12,59.20 3 0
github.com/kevin-cantwell/folddb/internal/source/kafka.go:59.20,62.18 3 0
github.com/kevin-cantwell/folddb/internal/source/kafka.go:62.18,65.5 2 0
github.com/kevin-cantwell/folddb/internal/source/kafka.go:67.3,69.7 2 0
github.com/kevin-cantwell/folddb/internal/source/kafka.go:69.7,71.26 2 0
github.com/kevin-cantwell/folddb/internal/source/kafka.go:71.26,73.5 1 0
github.com/kevin-cantwell/folddb/internal/source/kafka.go:74.4,74.43 1 0
github.com/kevin-cantwell/folddb/internal/source/kafka.go:74.43,82.12 2 0
github.com/kevin-cantwell/folddb/internal/source/kafka.go:83.20,83.20 0 0
github.com/kevin-cantwell/folddb/internal/source/kafka.go:84.25,85.12 1 0
github.com/kevin-cantwell/folddb/internal/source/kafka.go:90.2,90.11 1 0
github.com/kevin-cantwell/folddb/internal/source/kafka.go:96.41,99.12 3 0
github.com/kevin-cantwell/folddb/internal/source/kafka.go:99.12,101.28 2 0
github.com/kevin-cantwell/folddb/internal/source/kafka.go:101.28,102.24 1 0
github.com/kevin-cantwell/folddb/internal/source/kafka.go:102.24,104.5 1 0
github.com/kevin-cantwell/folddb/internal/source/kafka.go:107.2,107.14 1 0
github.com/kevin-cantwell/folddb/internal/source/kafka.go:111.24,113.2 1 0
github.com/kevin-cantwell/folddb/internal/source/kafka.go:115.53,122.25 2 0
github.com/kevin-cantwell/folddb/internal/source/kafka.go:123.18,124.73 1 0
github.com/kevin-cantwell/folddb/internal/source/kafka.go:125.20,126.71 1 0
github.com/kevin-cantwell/folddb/internal/source/kafka.go:127.10,129.71 1 0
github.com/kevin-cantwell/folddb/internal/source/kafka.go:133.2,133.26 1 0
github.com/kevin-cantwell/folddb/internal/source/kafka.go:133.26,135.3 1 0
github.com/kevin-cantwell/folddb/internal/source/kafka.go:138.2,138.34 1 0
github.com/kevin-cantwell/folddb/internal/source/kafka.go:138.34,141.41 3 0
github.com/kevin-cantwell/folddb/internal/source/kafka.go:141.41,143.4 1 0
github.com/kevin-cantwell/folddb/internal/source/kafka.go:144.3,145.54 2 0
github.com/kevin-cantwell/folddb/internal/source/kafka.go:148.2,149.16 2 0
github.com/kevin-cantwell/folddb/internal/source/kafka.go:149.16,151.3 1 0
github.com/kevin-cantwell/folddb/internal/source/kafka.go:152.2,152.16 1 0
github.com/kevin-cantwell/folddb/internal/source/kafka.go:157.40,158.16 1 1
github.com/kevin-cantwell/folddb/internal/source/kafka.go:158.16,160.3 1 1
github.com/kevin-cantwell/folddb/internal/source/kafka.go:161.2,161.21 1 1
github.com/kevin-cantwell/folddb/internal/source/kafka.go:161.21,163.3 1 1
github.com/kevin-cantwell/folddb/internal/source/kafka.go:164.2,164.56 1 1
github.com/kevin-cantwell/folddb/internal/source/kafka_uri.go:27.54,29.16 2 1
github.com/kevin-cantwell/folddb/internal/source/kafka_uri.go:29.16,31.3 1 0
github.com/kevin-cantwell/folddb/internal/source/kafka_uri.go:32.2,32.25 1 1
github.com/kevin-cantwell/folddb/internal/source/kafka_uri.go:32.25,34.3 1 1
github.com/kevin-cantwell/folddb/internal/source/kafka_uri.go:36.2,37.16 2 1
github.com/kevin-cantwell/folddb/internal/source/kafka_uri.go:37.16,39.3 1 1
github.com/kevin-cantwell/folddb/internal/source/kafka_uri.go:40.2,41.16 2 1
github.com/kevin-cantwell/folddb/internal/source/kafka_uri.go:41.16,43.3 1 1
github.com/kevin-cantwell/folddb/internal/source/kafka_uri.go:45.2,46.17 2 1
github.com/kevin-cantwell/folddb/internal/source/kafka_uri.go:46.17,48.3 1 1
github.com/kevin-cantwell/folddb/internal/source/kafka_uri.go:50.2,57.19 2 1
github.com/kevin-cantwell/folddb/internal/source/kafka_uri.go:57.19,60.25 3 1
github.com/kevin-cantwell/folddb/internal/source/kafka_uri.go:60.25,62.4 1 1
github.com/kevin-cantwell/folddb/internal/source/kafka_uri.go:66.2,67.35 2 1
github.com/kevin-cantwell/folddb/internal/source/kafka_uri.go:67.35,69.3 1 1
github.com/kevin-cantwell/folddb/internal/source/kafka_uri.go:70.2,70.38 1 1
github.com/kevin-cantwell/folddb/internal/source/kafka_uri.go:70.38,72.28 2 1
github.com/kevin-cantwell/folddb/internal/source/kafka_uri.go:72.28,74.18 2 1
github.com/kevin-cantwell/folddb/internal/source/kafka_uri.go:74.18,76.5 1 0
github.com/kevin-cantwell/folddb/internal/source/kafka_uri.go:77.4,77.53 1 1
github.com/kevin-cantwell/folddb/internal/source/kafka_uri.go:80.2,80.34 1 1
github.com/kevin-cantwell/folddb/internal/source/kafka_uri.go:80.34,82.3 1 1
github.com/kevin-cantwell/folddb/internal/source/kafka_uri.go:83.2,83.43 1 1
github.com/kevin-cantwell/folddb/internal/source/kafka_uri.go:83.43,85.3 1 1
github.com/kevin-cantwell/folddb/internal/source/kafka_uri.go:86.2,86.42 1 1
github.com/kevin-cantwell/folddb/internal/source/kafka_uri.go:86.42,88.3 1 1
github.com/kevin-cantwell/folddb/internal/source/kafka_uri.go:89.2,89.42 1 1
github.com/kevin-cantwell/folddb/internal/source/kafka_uri.go:89.42,91.3 1 1
github.com/kevin-cantwell/folddb/internal/source/kafka_uri.go:92.2,92.37 1 1
github.com/kevin-cantwell/folddb/internal/source/kafka_uri.go:92.37,94.3 1 0
github.com/kevin-cantwell/folddb/internal/source/kafka_uri.go:95.2,95.36 1 1
github.com/kevin-cantwell/folddb/internal/source/kafka_uri.go:95.36,97.3 1 0
github.com/kevin-cantwell/folddb/internal/source/kafka_uri.go:98.2,98.35 1 1
github.com/kevin-cantwell/folddb/internal/source/kafka_uri.go:98.35,100.3 1 0
github.com/kevin-cantwell/folddb/internal/source/kafka_uri.go:102.2,102.17 1 1
github.com/kevin-cantwell/folddb/internal/source/stdin.go:15.38,17.12 2 0
github.com/kevin-cantwell/folddb/internal/source/stdin.go:17.12,22.22 4 0
github.com/kevin-cantwell/folddb/internal/source/stdin.go:22.22,24.22 2 0
github.com/kevin-cantwell/folddb/internal/source/stdin.go:24.22,25.13 1 0
github.com/kevin-cantwell/folddb/internal/source/stdin.go:28.4,30.12 3 0
github.com/kevin-cantwell/folddb/internal/source/stdin.go:33.2,33.11 1 0
github.com/kevin-cantwell/folddb/internal/sql/ast/ast.go:32.36,32.37 0 0
github.com/kevin-cantwell/folddb/internal/sql/ast/ast.go:54.33,54.34 0 0
github.com/kevin-cantwell/folddb/internal/sql/ast/ast.go:61.36,61.37 0 0
github.com/kevin-cantwell/folddb/internal/sql/ast/ast.go:68.36,68.37 0 0
github.com/kevin-cantwell/folddb/internal/sql/ast/ast.go:76.31,76.32 0 0
github.com/kevin-cantwell/folddb/internal/sql/ast/ast.go:85.38,85.39 0 0
github.com/kevin-cantwell/folddb/internal/sql/ast/ast.go:98.29,98.30 0 0
github.com/kevin-cantwell/folddb/internal/sql/ast/ast.go:99.29,99.30 0 0
github.com/kevin-cantwell/folddb/internal/sql/ast/ast.go:106.30,106.31 0 0
github.com/kevin-cantwell/folddb/internal/sql/ast/ast.go:107.30,107.31 0 0
github.com/kevin-cantwell/folddb/internal/sql/ast/ast.go:115.34,115.35 0 0
github.com/kevin-cantwell/folddb/internal/sql/ast/ast.go:116.34,116.35 0 0
github.com/kevin-cantwell/folddb/internal/sql/ast/ast.go:123.34,123.35 0 0
github.com/kevin-cantwell/folddb/internal/sql/ast/ast.go:124.34,124.35 0 0
github.com/kevin-cantwell/folddb/internal/sql/ast/ast.go:131.32,131.33 0 0
github.com/kevin-cantwell/folddb/internal/sql/ast/ast.go:132.32,132.33 0 0
github.com/kevin-cantwell/folddb/internal/sql/ast/ast.go:137.32,137.33 0 0
github.com/kevin-cantwell/folddb/internal/sql/ast/ast.go:138.32,138.33 0 0
github.com/kevin-cantwell/folddb/internal/sql/ast/ast.go:147.31,147.32 0 0
github.com/kevin-cantwell/folddb/internal/sql/ast/ast.go:148.31,148.32 0 0
github.com/kevin-cantwell/folddb/internal/sql/ast/ast.go:156.30,156.31 0 0
github.com/kevin-cantwell/folddb/internal/sql/ast/ast.go:157.30,157.31 0 0
github.com/kevin-cantwell/folddb/internal/sql/ast/ast.go:166.33,166.34 0 0
github.com/kevin-cantwell/folddb/internal/sql/ast/ast.go:167.33,167.34 0 0
github.com/kevin-cantwell/folddb/internal/sql/ast/ast.go:175.29,175.30 0 0
github.com/kevin-cantwell/folddb/internal/sql/ast/ast.go:176.29,176.30 0 0
github.com/kevin-cantwell/folddb/internal/sql/ast/ast.go:185.35,185.36 0 0
github.com/kevin-cantwell/folddb/internal/sql/ast/ast.go:186.35,186.36 0 0
github.com/kevin-cantwell/folddb/internal/sql/ast/ast.go:196.32,196.33 0 0
github.com/kevin-cantwell/folddb/internal/sql/ast/ast.go:197.32,197.33 0 0
github.com/kevin-cantwell/folddb/internal/sql/ast/ast.go:206.27,206.28 0 0
github.com/kevin-cantwell/folddb/internal/sql/ast/ast.go:207.27,207.28 0 0
github.com/kevin-cantwell/folddb/internal/sql/ast/ast.go:217.27,217.28 0 0
github.com/kevin-cantwell/folddb/internal/sql/ast/ast.go:218.27,218.28 0 0
github.com/kevin-cantwell/folddb/internal/sql/ast/ast.go:232.29,232.30 0 0
github.com/kevin-cantwell/folddb/internal/sql/ast/ast.go:233.29,233.30 0 0
github.com/kevin-cantwell/folddb/internal/sql/ast/ast.go:240.36,240.37 0 0
github.com/kevin-cantwell/folddb/internal/sql/ast/ast.go:241.36,241.37 0 0
